This is XeTeX, Version 3.14159265-2.6-0.99998 (TeX Live 2017) (preloaded format=xelatex 2017.10.4)  14 OCT 2017 23:36
entering extended mode
 restricted \write18 enabled.
 %&-line parsing enabled.
**bem-fem-2.tex
(./bem-fem-2.tex
LaTeX2e <2017-04-15>
Babel <3.13> and hyphenation patterns for 84 language(s) loaded.
! Undefined control sequence.
l.1 \subsubsection
                  {流形中的索伯列夫空间}
The control sequence at the end of the top line
of your error message was never \def'ed. If you have
misspelled it (e.g., `\hobx'), type `I' and the correct
spelling (e.g., `I\hbox'). Otherwise just continue,
and I'll forget about whatever was undefined.


! LaTeX Error: Missing \begin{document}.

See the LaTeX manual or LaTeX Companion for explanation.
Type  H <return>  for immediate help.
 ...                                              
                                                  
l.1 \subsubsection{流
                      形中的索伯列夫空间}
You're in trouble here.  Try typing  <return>  to proceed.
If that doesn't work, type  X <return>  to quit.

Missing character: There is no 流 in font nullfont!
Missing character: There is no 形 in font nullfont!
Missing character: There is no 中 in font nullfont!
Missing character: There is no 的 in font nullfont!
Missing character: There is no 索 in font nullfont!
Missing character: There is no 伯 in font nullfont!
Missing character: There is no 列 in font nullfont!
Missing character: There is no 夫 in font nullfont!
Missing character: There is no 空 in font nullfont!
Missing character: There is no 间 in font nullfont!

Overfull \hbox (20.0pt too wide) in paragraph at lines 1--2
[] 
 []


! LaTeX Error: Environment definition undefined.

See the LaTeX manual or LaTeX Companion for explanation.
Type  H <return>  for immediate help.
 ...                                              
                                                  
l.3 \begin{definition}
                      [流形]
Your command was ignored.
Type  I <command> <return>  to replace it with another command,
or  <return>  to continue without it.


! LaTeX Error: Missing \begin{document}.

See the LaTeX manual or LaTeX Companion for explanation.
Type  H <return>  for immediate help.
 ...                                              
                                                  
l.3 \begin{definition}[
                       流形]
You're in trouble here.  Try typing  <return>  to proceed.
If that doesn't work, type  X <return>  to quit.

Missing character: There is no [ in font nullfont!
Missing character: There is no 流 in font nullfont!
Missing character: There is no 形 in font nullfont!
Missing character: There is no ] in font nullfont!
Missing character: There is no 流 in font nullfont!
Missing character: There is no 形 in font nullfont!
Missing character: There is no ( in font nullfont!
Missing character: There is no m in font nullfont!
Missing character: There is no a in font nullfont!
Missing character: There is no n in font nullfont!
Missing character: There is no i in font nullfont!
Missing character: There is no f in font nullfont!
Missing character: There is no o in font nullfont!
Missing character: There is no l in font nullfont!
Missing character: There is no d in font nullfont!
Missing character: There is no ) in font nullfont!
Missing character: There is no 是 in font nullfont!
Missing character: There is no 局 in font nullfont!
Missing character: There is no 部 in font nullfont!
Missing character: There is no 具 in font nullfont!
Missing character: There is no 有 in font nullfont!
Missing character: There is no 欧 in font nullfont!
Missing character: There is no 式 in font nullfont!
Missing character: There is no 空 in font nullfont!
Missing character: There is no 间 in font nullfont!
Missing character: There is no 性 in font nullfont!
Missing character: There is no 质 in font nullfont!
Missing character: There is no 的 in font nullfont!
Missing character: There is no 空 in font nullfont!
Missing character: There is no 间 in font nullfont!
Missing character: There is no ， in font nullfont!
Missing character: There is no 包 in font nullfont!
Missing character: There is no 括 in font nullfont!
Missing character: There is no 各 in font nullfont!
Missing character: There is no 种 in font nullfont!
Missing character: There is no 纬 in font nullfont!
Missing character: There is no 度 in font nullfont!
Missing character: There is no 的 in font nullfont!
Missing character: There is no 曲 in font nullfont!
Missing character: There is no 线 in font nullfont!
Missing character: There is no 曲 in font nullfont!
Missing character: There is no 面 in font nullfont!
Missing character: There is no ， in font nullfont!
Missing character: There is no 例 in font nullfont!
Missing character: There is no 如 in font nullfont!
Missing character: There is no 球 in font nullfont!
Missing character: There is no 体 in font nullfont!
Missing character: There is no 、 in font nullfont!
Missing character: There is no 弯 in font nullfont!
Missing character: There is no 曲 in font nullfont!
Missing character: There is no 的 in font nullfont!
Missing character: There is no 平 in font nullfont!
Missing character: There is no 面 in font nullfont!
Missing character: There is no 等 in font nullfont!
Missing character: There is no 。 in font nullfont!
Missing character: There is no 流 in font nullfont!
Missing character: There is no 形 in font nullfont!
Missing character: There is no 的 in font nullfont!
Missing character: There is no 局 in font nullfont!
Missing character: There is no 部 in font nullfont!
Missing character: There is no 和 in font nullfont!
Missing character: There is no 欧 in font nullfont!
Missing character: There is no 式 in font nullfont!
Missing character: There is no 空 in font nullfont!
Missing character: There is no 间 in font nullfont!
Missing character: There is no 是 in font nullfont!
Missing character: There is no 同 in font nullfont!
Missing character: There is no 构 in font nullfont!
Missing character: There is no 的 in font nullfont!
Missing character: There is no ( in font nullfont!
Missing character: There is no 局 in font nullfont!
Missing character: There is no 部 in font nullfont!
Missing character: There is no 线 in font nullfont!
Missing character: There is no 性 in font nullfont!
Missing character: There is no ) in font nullfont!
Missing character: There is no 。 in font nullfont!
Missing character: There is no 流 in font nullfont!
Missing character: There is no 形 in font nullfont!
Missing character: There is no 学 in font nullfont!
Missing character: There is no 习 in font nullfont!
Missing character: There is no 假 in font nullfont!
Missing character: There is no 设 in font nullfont!
Missing character: There is no 所 in font nullfont!
Missing character: There is no 处 in font nullfont!
Missing character: There is no 理 in font nullfont!
Missing character: There is no 的 in font nullfont!
Missing character: There is no 数 in font nullfont!
Missing character: There is no 据 in font nullfont!
Missing character: There is no 点 in font nullfont!
Missing character: There is no 分 in font nullfont!
Missing character: There is no 布 in font nullfont!
Missing character: There is no 在 in font nullfont!
Missing character: There is no 嵌 in font nullfont!
Missing character: There is no 入 in font nullfont!
Missing character: There is no 于 in font nullfont!
Missing character: There is no 外 in font nullfont!
Missing character: There is no 维 in font nullfont!
Missing character: There is no 欧 in font nullfont!
Missing character: There is no 式 in font nullfont!
Missing character: There is no 空 in font nullfont!
Missing character: There is no 间 in font nullfont!
Missing character: There is no 的 in font nullfont!
Missing character: There is no 一 in font nullfont!
Missing character: There is no 个 in font nullfont!
Missing character: There is no 潜 in font nullfont!
Missing character: There is no 在 in font nullfont!
Missing character: There is no 的 in font nullfont!
Missing character: There is no 流 in font nullfont!
Missing character: There is no 形 in font nullfont!
Missing character: There is no 体 in font nullfont!
Missing character: There is no 上 in font nullfont!
Missing character: There is no ， in font nullfont!
Missing character: There is no 或 in font nullfont!
Missing character: There is no 者 in font nullfont!
Missing character: There is no 说 in font nullfont!
Missing character: There is no 这 in font nullfont!
Missing character: There is no 些 in font nullfont!
Missing character: There is no 数 in font nullfont!
Missing character: There is no 据 in font nullfont!
Missing character: There is no 点 in font nullfont!
Missing character: There is no 可 in font nullfont!
Missing character: There is no 以 in font nullfont!
Missing character: There is no 构 in font nullfont!
Missing character: There is no 成 in font nullfont!
Missing character: There is no 这 in font nullfont!
Missing character: There is no 样 in font nullfont!
Missing character: There is no 一 in font nullfont!
Missing character: There is no 个 in font nullfont!
Missing character: There is no 潜 in font nullfont!
Missing character: There is no 在 in font nullfont!
Missing character: There is no 的 in font nullfont!
Missing character: There is no 流 in font nullfont!
Missing character: There is no 形 in font nullfont!
Missing character: There is no 体 in font nullfont!

! LaTeX Error: \begin{document} ended by \end{definition}.

See the LaTeX manual or LaTeX Companion for explanation.
Type  H <return>  for immediate help.
 ...                                              
                                                  
l.5 \end{definition}
                    
Your command was ignored.
Type  I <command> <return>  to replace it with another command,
or  <return>  to continue without it.

)
! Emergency stop.
<*> bem-fem-2.tex
                 
*** (job aborted, no legal \end found)

 
Here is how much of TeX's memory you used:
 6 strings out of 492998
 73 string characters out of 6134491
 61708 words of memory out of 5000000
 4086 multiletter control sequences out of 15000+600000
 3640 words of font info for 14 fonts, out of 8000000 for 9000
 1348 hyphenation exceptions out of 8191
 6i,0n,6p,316b,19s stack positions out of 5000i,500n,10000p,200000b,80000s
No pages of output.
