This is XeTeX, Version 3.14159265-2.6-0.99998 (TeX Live 2017) (preloaded format=xelatex 2018.3.22)  2 APR 2018 16:02
entering extended mode
 restricted \write18 enabled.
 %&-line parsing enabled.
**connection-appendix.tex
(./connection-appendix.tex
LaTeX2e <2017-04-15>
Babel <3.18> and hyphenation patterns for 84 language(s) loaded.

! LaTeX Error: Environment subsppendices undefined.

See the LaTeX manual or LaTeX Companion for explanation.
Type  H <return>  for immediate help.
 ...                                              
                                                  
l.1 \begin{subsppendices}
                         
Your command was ignored.
Type  I <command> <return>  to replace it with another command,
or  <return>  to continue without it.

! Undefined control sequence.
l.3 \section
            {欧拉公式(复分析)}
The control sequence at the end of the top line
of your error message was never \def'ed. If you have
misspelled it (e.g., `\hobx'), type `I' and the correct
spelling (e.g., `I\hbox'). Otherwise just continue,
and I'll forget about whatever was undefined.


! LaTeX Error: Missing \begin{document}.

See the LaTeX manual or LaTeX Companion for explanation.
Type  H <return>  for immediate help.
 ...                                              
                                                  
l.3 \section{欧
                拉公式(复分析)}
You're in trouble here.  Try typing  <return>  to proceed.
If that doesn't work, type  X <return>  to quit.

Missing character: There is no 欧 in font nullfont!
Missing character: There is no 拉 in font nullfont!
Missing character: There is no 公 in font nullfont!
Missing character: There is no 式 in font nullfont!
Missing character: There is no ( in font nullfont!
Missing character: There is no 复 in font nullfont!
Missing character: There is no 分 in font nullfont!
Missing character: There is no 析 in font nullfont!
Missing character: There is no ) in font nullfont!

Overfull \hbox (20.0pt too wide) in paragraph at lines 3--5
[]
 []


! LaTeX Error: Missing \begin{document}.

See the LaTeX manual or LaTeX Companion for explanation.
Type  H <return>  for immediate help.
 ...                                              
                                                  
l.6 假
       定如下方程形式
You're in trouble here.  Try typing  <return>  to proceed.
If that doesn't work, type  X <return>  to quit.

Missing character: There is no 假 in font nullfont!
Missing character: There is no 定 in font nullfont!
Missing character: There is no 如 in font nullfont!
Missing character: There is no 下 in font nullfont!
Missing character: There is no 方 in font nullfont!
Missing character: There is no 程 in font nullfont!
Missing character: There is no 形 in font nullfont!
Missing character: There is no 式 in font nullfont!

Overfull \hbox (20.0pt too wide) in paragraph at lines 6--7
[] 
 []

LaTeX Font Info:    External font `cmex10' loaded for size
(Font)              <7> on input line 7.
LaTeX Font Info:    External font `cmex10' loaded for size
(Font)              <5> on input line 7.

Overfull \hbox (98.86235pt too wide) detected at line 9
[] [] \OT1/cmr/m/n/10 = [] \OML/cmm/m/it/10 ^^R \OT1/cmr/m/n/10 + \OML/cmm/m/it
/10 i [] ^^R;
 []

Missing character: There is no 其 in font nullfont!
Missing character: There is no 中 in font nullfont!
Missing character: There is no 是 in font nullfont!
Missing character: There is no 虚 in font nullfont!
Missing character: There is no 数 in font nullfont!
Missing character: There is no ( in font nullfont!
Missing character: There is no i in font nullfont!
Missing character: There is no m in font nullfont!
Missing character: There is no a in font nullfont!
Missing character: There is no g in font nullfont!
Missing character: There is no i in font nullfont!
Missing character: There is no n in font nullfont!
Missing character: There is no a in font nullfont!
Missing character: There is no r in font nullfont!
Missing character: There is no y in font nullfont!
Missing character: There is no n in font nullfont!
Missing character: There is no u in font nullfont!
Missing character: There is no m in font nullfont!
Missing character: There is no b in font nullfont!
Missing character: There is no e in font nullfont!
Missing character: There is no r in font nullfont!
Missing character: There is no ) in font nullfont!
Missing character: There is no ， in font nullfont!
Missing character: There is no 满 in font nullfont!
Missing character: There is no 足 in font nullfont!
Missing character: There is no 。 in font nullfont!

Overfull \hbox (3.44513pt too wide) in paragraph at lines 9--11
$\OML/cmm/m/it/10 i$
 []


Overfull \hbox (14.00064pt too wide) in paragraph at lines 9--11
\OML/cmm/m/it/10 i \OT1/cmr/m/n/10 =
 []


Overfull \hbox (21.11118pt too wide) in paragraph at lines 9--11
[]$ 
 []


! LaTeX Error: \begin{document} ended by \end{subappendices}.

See the LaTeX manual or LaTeX Companion for explanation.
Type  H <return>  for immediate help.
 ...                                              
                                                  
l.12 \end{subappendices}
                        
Your command was ignored.
Type  I <command> <return>  to replace it with another command,
or  <return>  to continue without it.

)
! Emergency stop.
<*> connection-appendix.tex
                           
*** (job aborted, no legal \end found)

 
Here is how much of TeX's memory you used:
 12 strings out of 493007
 238 string characters out of 6134605
 61811 words of memory out of 5000000
 4081 multiletter control sequences out of 15000+600000
 3648 words of font info for 15 fonts, out of 8000000 for 9000
 1348 hyphenation exceptions out of 8191
 18i,3n,12p,87b,103s stack positions out of 5000i,500n,10000p,200000b,80000s
No pages of output.
