This is XeTeX, Version 3.14159265-2.6-0.99998 (TeX Live 2017) (preloaded format=xelatex 2018.3.26)  15 APR 2018 22:14
entering extended mode
 restricted \write18 enabled.
 %&-line parsing enabled.
**connection-appendix-2.tex
(./connection-appendix-2.tex
LaTeX2e <2017-04-15>
Babel <3.18> and hyphenation patterns for 84 language(s) loaded.
! Undefined control sequence.
l.1 \section
            {大数法则}
The control sequence at the end of the top line
of your error message was never \def'ed. If you have
misspelled it (e.g., `\hobx'), type `I' and the correct
spelling (e.g., `I\hbox'). Otherwise just continue,
and I'll forget about whatever was undefined.


! LaTeX Error: Missing \begin{document}.

See the LaTeX manual or LaTeX Companion for explanation.
Type  H <return>  for immediate help.
 ...                                              
                                                  
l.1 \section{大
                数法则}
You're in trouble here.  Try typing  <return>  to proceed.
If that doesn't work, type  X <return>  to quit.

Missing character: There is no 大 in font nullfont!
Missing character: There is no 数 in font nullfont!
Missing character: There is no 法 in font nullfont!
Missing character: There is no 则 in font nullfont!

Overfull \hbox (20.0pt too wide) in paragraph at lines 1--2
[] 
 []


! LaTeX Error: \begin{document} ended by \end{subappendices}.

See the LaTeX manual or LaTeX Companion for explanation.
Type  H <return>  for immediate help.
 ...                                              
                                                  
l.13 \end{subappendices}
                        
Your command was ignored.
Type  I <command> <return>  to replace it with another command,
or  <return>  to continue without it.

! Extra \endgroup.
<recently read> \endgroup 
                          
l.13 \end{subappendices}
                        
Things are pretty mixed up, but I think the worst is over.

)
! Emergency stop.
<*> connection-appendix-2.tex
                             
*** (job aborted, no legal \end found)

 
Here is how much of TeX's memory you used:
 5 strings out of 493007
 114 string characters out of 6134605
 61811 words of memory out of 5000000
 4076 multiletter control sequences out of 15000+600000
 3640 words of font info for 14 fonts, out of 8000000 for 9000
 1348 hyphenation exceptions out of 8191
 6i,0n,6p,64b,16s stack positions out of 5000i,500n,10000p,200000b,80000s
No pages of output.
