This is XeTeX, Version 3.14159265-2.6-0.99998 (TeX Live 2017) (preloaded format=xelatex 2018.2.7)  27 FEB 2018 00:42
entering extended mode
 restricted \write18 enabled.
 %&-line parsing enabled.
**projection-appendices-2.tex
(./projection-appendices-2.tex
LaTeX2e <2017-04-15>
Babel <3.17> and hyphenation patterns for 84 language(s) loaded.
! Undefined control sequence.
l.1 \section
            {数值求积(1)}
The control sequence at the end of the top line
of your error message was never \def'ed. If you have
misspelled it (e.g., `\hobx'), type `I' and the correct
spelling (e.g., `I\hbox'). Otherwise just continue,
and I'll forget about whatever was undefined.


! LaTeX Error: Missing \begin{document}.

See the LaTeX manual or LaTeX Companion for explanation.
Type  H <return>  for immediate help.
 ...                                              
                                                  
l.1 \section{数
                值求积(1)}
You're in trouble here.  Try typing  <return>  to proceed.
If that doesn't work, type  X <return>  to quit.

Missing character: There is no 数 in font nullfont!
Missing character: There is no 值 in font nullfont!
Missing character: There is no 求 in font nullfont!
Missing character: There is no 积 in font nullfont!
Missing character: There is no ( in font nullfont!
Missing character: There is no 1 in font nullfont!
Missing character: There is no ) in font nullfont!

Overfull \hbox (20.0pt too wide) in paragraph at lines 1--3
[]
 []


! LaTeX Error: Missing \begin{document}.

See the LaTeX manual or LaTeX Companion for explanation.
Type  H <return>  for immediate help.
 ...                                              
                                                  
l.4 我
       们常常需要计算一个定积分的值，如
You're in trouble here.  Try typing  <return>  to proceed.
If that doesn't work, type  X <return>  to quit.

Missing character: There is no 我 in font nullfont!
Missing character: There is no 们 in font nullfont!
Missing character: There is no 常 in font nullfont!
Missing character: There is no 常 in font nullfont!
Missing character: There is no 需 in font nullfont!
Missing character: There is no 要 in font nullfont!
Missing character: There is no 计 in font nullfont!
Missing character: There is no 算 in font nullfont!
Missing character: There is no 一 in font nullfont!
Missing character: There is no 个 in font nullfont!
Missing character: There is no 定 in font nullfont!
Missing character: There is no 积 in font nullfont!
Missing character: There is no 分 in font nullfont!
Missing character: There is no 的 in font nullfont!
Missing character: There is no 值 in font nullfont!
Missing character: There is no ， in font nullfont!
Missing character: There is no 如 in font nullfont!

! LaTeX Error: Environment equation* undefined.

See the LaTeX manual or LaTeX Companion for explanation.
Type  H <return>  for immediate help.
 ...                                              
                                                  
l.5 \begin{equation*}
                     
Your command was ignored.
Type  I <command> <return>  to replace it with another command,
or  <return>  to continue without it.

! Missing $ inserted.
<inserted text> 
                $
l.6   \int
          _{a}^{b} f(x) dx,
I've inserted a begin-math/end-math symbol since I think
you left one out. Proceed, with fingers crossed.

LaTeX Font Info:    External font `cmex10' loaded for size
(Font)              <7> on input line 6.
LaTeX Font Info:    External font `cmex10' loaded for size
(Font)              <5> on input line 6.

! LaTeX Error: \begin{document} ended by \end{equation*}.

See the LaTeX manual or LaTeX Companion for explanation.
Type  H <return>  for immediate help.
 ...                                              
                                                  
l.7 \end{equation*}
                   
Your command was ignored.
Type  I <command> <return>  to replace it with another command,
or  <return>  to continue without it.

! Missing $ inserted.
<inserted text> 
                $
l.7 \end{equation*}
                   
I've inserted something that you may have forgotten.
(See the <inserted text> above.)
With luck, this will get me unwedged. But if you
really didn't forget anything, try typing `2' now; then
my insertion and my current dilemma will both disappear.

Missing character: There is no 若 in font nullfont!
Missing character: There is no 直 in font nullfont!
Missing character: There is no 接 in font nullfont!
Missing character: There is no 用 in font nullfont!
Missing character: There is no 解 in font nullfont!
Missing character: There is no 析 in font nullfont!
Missing character: There is no 法 in font nullfont!
Missing character: There is no 求 in font nullfont!
Missing character: There is no 解 in font nullfont!
Missing character: There is no 较 in font nullfont!
Missing character: There is no 为 in font nullfont!
Missing character: There is no 困 in font nullfont!
Missing character: There is no 难 in font nullfont!
Missing character: There is no ， in font nullfont!
Missing character: There is no 则 in font nullfont!
Missing character: There is no 常 in font nullfont!
Missing character: There is no 常 in font nullfont!
Missing character: There is no 采 in font nullfont!
Missing character: There is no 取 in font nullfont!
Missing character: There is no 数 in font nullfont!
Missing character: There is no 值 in font nullfont!
Missing character: There is no 积 in font nullfont!
Missing character: There is no 分 in font nullfont!
Missing character: There is no ( in font nullfont!
Missing character: There is no n in font nullfont!
Missing character: There is no u in font nullfont!
Missing character: There is no m in font nullfont!
Missing character: There is no e in font nullfont!
Missing character: There is no r in font nullfont!
Missing character: There is no i in font nullfont!
Missing character: There is no c in font nullfont!
Missing character: There is no a in font nullfont!
Missing character: There is no l in font nullfont!
Missing character: There is no i in font nullfont!
Missing character: There is no n in font nullfont!
Missing character: There is no t in font nullfont!
Missing character: There is no e in font nullfont!
Missing character: There is no g in font nullfont!
Missing character: There is no r in font nullfont!
Missing character: There is no a in font nullfont!
Missing character: There is no t in font nullfont!
Missing character: There is no a in font nullfont!
Missing character: There is no t in font nullfont!
Missing character: There is no i in font nullfont!
Missing character: There is no o in font nullfont!
Missing character: There is no n in font nullfont!
Missing character: There is no ) in font nullfont!
Missing character: There is no 的 in font nullfont!
Missing character: There is no 思 in font nullfont!
Missing character: There is no 路 in font nullfont!
Missing character: There is no ， in font nullfont!
Missing character: There is no 将 in font nullfont!
Missing character: There is no 积 in font nullfont!
Missing character: There is no 分 in font nullfont!
Missing character: There is no 式 in font nullfont!
Missing character: There is no 转 in font nullfont!
Missing character: There is no 化 in font nullfont!
Missing character: There is no 为 in font nullfont!
Missing character: There is no 有 in font nullfont!
Missing character: There is no 限 in font nullfont!
Missing character: There is no 个 in font nullfont!
Missing character: There is no 方 in font nullfont!
Missing character: There is no 程 in font nullfont!
Missing character: There is no 求 in font nullfont!
Missing character: There is no 和 in font nullfont!
Missing character: There is no 的 in font nullfont!
Missing character: There is no 方 in font nullfont!
Missing character: There is no 式 in font nullfont!
Missing character: There is no 做 in font nullfont!
Missing character: There is no 近 in font nullfont!
Missing character: There is no 似 in font nullfont!
Missing character: There is no 求 in font nullfont!
Missing character: There is no 解 in font nullfont!
Missing character: There is no ， in font nullfont!
Missing character: There is no 如 in font nullfont!

Overfull \hbox (20.0pt too wide) in paragraph at lines 4--9
[]
 []


Overfull \hbox (45.51321pt too wide) in paragraph at lines 4--9
[][] \OML/cmm/m/it/10 f\OT1/cmr/m/n/10 (\OML/cmm/m/it/10 x\OT1/cmr/m/n/10 )\OML
/cmm/m/it/10 dx;$
 []


Overfull \hbox (119.75919pt too wide) detected at line 12
[][][] \OML/cmm/m/it/10 f\OT1/cmr/m/n/10 (\OML/cmm/m/it/10 x\OT1/cmr/m/n/10 )\O
ML/cmm/m/it/10 dx \OMS/cmsy/m/n/10 ^^Y [] \OML/cmm/m/it/10 w[]f [] ;
 []

Missing character: There is no 也 in font nullfont!
Missing character: There is no 即 in font nullfont!
Missing character: There is no ， in font nullfont!
Missing character: There is no 我 in font nullfont!
Missing character: There is no 们 in font nullfont!
Missing character: There is no 在 in font nullfont!
Missing character: There is no 原 in font nullfont!
Missing character: There is no 方 in font nullfont!
Missing character: There is no 程 in font nullfont!
Missing character: There is no 的 in font nullfont!
Missing character: There is no 取 in font nullfont!
Missing character: There is no 值 in font nullfont!
Missing character: There is no 区 in font nullfont!
Missing character: There is no 间 in font nullfont!
Missing character: There is no 中 in font nullfont!
Missing character: There is no 抽 in font nullfont!
Missing character: There is no 取 in font nullfont!
Missing character: There is no 个 in font nullfont!
Missing character: There is no 点 in font nullfont!
Missing character: There is no ， in font nullfont!
Missing character: There is no 的 in font nullfont!
Missing character: There is no 值 in font nullfont!
Missing character: There is no 代 in font nullfont!
Missing character: There is no 回 in font nullfont!
Missing character: There is no 方 in font nullfont!
Missing character: There is no 程 in font nullfont!
Missing character: There is no 中 in font nullfont!
Missing character: There is no 对 in font nullfont!
Missing character: There is no 应 in font nullfont!
Missing character: There is no 值 in font nullfont!
Missing character: There is no 。 in font nullfont!
Missing character: There is no 表 in font nullfont!
Missing character: There is no 示 in font nullfont!
Missing character: There is no 相 in font nullfont!
Missing character: There is no 应 in font nullfont!
Missing character: There is no 的 in font nullfont!
Missing character: There is no 权 in font nullfont!
Missing character: There is no 重 in font nullfont!
Missing character: There is no 系 in font nullfont!
Missing character: There is no 数 in font nullfont!
Missing character: There is no 。 in font nullfont!

Overfull \hbox (45.26036pt too wide) in paragraph at lines 12--14
$\OT1/cmr/m/n/10 [\OML/cmm/m/it/10 a; b\OT1/cmr/m/n/10 ]$$\OML/cmm/m/it/10 N$$n
 \OT1/cmr/m/n/10 =
 []


Overfull \hbox (96.12785pt too wide) in paragraph at lines 12--14
\OT1/cmr/m/n/10 0\OML/cmm/m/it/10 ; \OT1/cmr/m/n/10 1\OML/cmm/m/it/10 ; [] ; N$
$x[]$$f []$$w[]$ 
 []


! LaTeX Error: Missing \begin{document}.

See the LaTeX manual or LaTeX Companion for explanation.
Type  H <return>  for immediate help.
 ...                                              
                                                  
l.15 因
        此，数值积分也常常称为数值求积(numerical quadrature)\...

You're in trouble here.  Try typing  <return>  to proceed.
If that doesn't work, type  X <return>  to quit.

Missing character: There is no 因 in font nullfont!
Missing character: There is no 此 in font nullfont!
Missing character: There is no ， in font nullfont!
Missing character: There is no 数 in font nullfont!
Missing character: There is no 值 in font nullfont!
Missing character: There is no 积 in font nullfont!
Missing character: There is no 分 in font nullfont!
Missing character: There is no 也 in font nullfont!
Missing character: There is no 常 in font nullfont!
Missing character: There is no 常 in font nullfont!
Missing character: There is no 称 in font nullfont!
Missing character: There is no 为 in font nullfont!
Missing character: There is no 数 in font nullfont!
Missing character: There is no 值 in font nullfont!
Missing character: There is no 求 in font nullfont!
Missing character: There is no 积 in font nullfont!
Missing character: There is no ( in font nullfont!
Missing character: There is no n in font nullfont!
Missing character: There is no u in font nullfont!
Missing character: There is no m in font nullfont!
Missing character: There is no e in font nullfont!
Missing character: There is no r in font nullfont!
Missing character: There is no i in font nullfont!
Missing character: There is no c in font nullfont!
Missing character: There is no a in font nullfont!
Missing character: There is no l in font nullfont!
Missing character: There is no q in font nullfont!
Missing character: There is no u in font nullfont!
Missing character: There is no a in font nullfont!
Missing character: There is no d in font nullfont!
Missing character: There is no r in font nullfont!
Missing character: There is no a in font nullfont!
Missing character: There is no t in font nullfont!
Missing character: There is no u in font nullfont!
Missing character: There is no r in font nullfont!
Missing character: There is no e in font nullfont!
Missing character: There is no ) in font nullfont!
Missing character: There is no 。 in font nullfont!
Missing character: There is no 集 in font nullfont!
Missing character: There is no 合 in font nullfont!
Missing character: There is no 常 in font nullfont!
Missing character: There is no 常 in font nullfont!
Missing character: There is no 称 in font nullfont!
Missing character: There is no 为 in font nullfont!
Missing character: There is no 求 in font nullfont!
Missing character: There is no 积 in font nullfont!
Missing character: There is no 点 in font nullfont!
Missing character: There is no ( in font nullfont!
Missing character: There is no q in font nullfont!
Missing character: There is no u in font nullfont!
Missing character: There is no a in font nullfont!
Missing character: There is no d in font nullfont!
Missing character: There is no r in font nullfont!
Missing character: There is no a in font nullfont!
Missing character: There is no t in font nullfont!
Missing character: There is no u in font nullfont!
Missing character: There is no r in font nullfont!
Missing character: There is no e in font nullfont!
Missing character: There is no p in font nullfont!
Missing character: There is no o in font nullfont!
Missing character: There is no i in font nullfont!
Missing character: There is no n in font nullfont!
Missing character: There is no t in font nullfont!
Missing character: There is no s in font nullfont!
Missing character: There is no ) in font nullfont!
Missing character: There is no 集 in font nullfont!
Missing character: There is no 合 in font nullfont!
Missing character: There is no 和 in font nullfont!
Missing character: There is no 求 in font nullfont!
Missing character: There is no 积 in font nullfont!
Missing character: There is no 权 in font nullfont!
Missing character: There is no 重 in font nullfont!
Missing character: There is no ( in font nullfont!
Missing character: There is no q in font nullfont!
Missing character: There is no u in font nullfont!
Missing character: There is no a in font nullfont!
Missing character: There is no d in font nullfont!
Missing character: There is no r in font nullfont!
Missing character: There is no a in font nullfont!
Missing character: There is no t in font nullfont!
Missing character: There is no u in font nullfont!
Missing character: There is no r in font nullfont!
Missing character: There is no e in font nullfont!
Missing character: There is no w in font nullfont!
Missing character: There is no e in font nullfont!
Missing character: There is no i in font nullfont!
Missing character: There is no g in font nullfont!
Missing character: There is no h in font nullfont!
Missing character: There is no t in font nullfont!
Missing character: There is no s in font nullfont!
Missing character: There is no ) in font nullfont!
Missing character: There is no 集 in font nullfont!
Missing character: There is no 合 in font nullfont!
Missing character: There is no ； in font nullfont!
Missing character: There is no 合 in font nullfont!
Missing character: There is no 适 in font nullfont!
Missing character: There is no 的 in font nullfont!
Missing character: There is no 选 in font nullfont!
Missing character: There is no 取 in font nullfont!
Missing character: There is no 的 in font nullfont!
Missing character: There is no 算 in font nullfont!
Missing character: There is no 法 in font nullfont!
Missing character: There is no 称 in font nullfont!
Missing character: There is no 为 in font nullfont!
Missing character: There is no 求 in font nullfont!
Missing character: There is no 积 in font nullfont!
Missing character: There is no 法 in font nullfont!
Missing character: There is no 则 in font nullfont!
Missing character: There is no ( in font nullfont!
Missing character: There is no q in font nullfont!
Missing character: There is no u in font nullfont!
Missing character: There is no a in font nullfont!
Missing character: There is no d in font nullfont!
Missing character: There is no r in font nullfont!
Missing character: There is no a in font nullfont!
Missing character: There is no t in font nullfont!
Missing character: There is no u in font nullfont!
Missing character: There is no r in font nullfont!
Missing character: There is no e in font nullfont!
Missing character: There is no r in font nullfont!
Missing character: There is no u in font nullfont!
Missing character: There is no l in font nullfont!
Missing character: There is no e in font nullfont!
Missing character: There is no ) in font nullfont!
Missing character: There is no 。 in font nullfont!
Missing character: There is no 对 in font nullfont!
Missing character: There is no 于 in font nullfont!
Missing character: There is no 同 in font nullfont!
Missing character: There is no 一 in font nullfont!
Missing character: There is no 个 in font nullfont!
Missing character: There is no 积 in font nullfont!
Missing character: There is no 分 in font nullfont!
Missing character: There is no 求 in font nullfont!
Missing character: There is no 解 in font nullfont!
Missing character: There is no 问 in font nullfont!
Missing character: There is no 题 in font nullfont!
! Undefined control sequence.
l.15 ...。对于同一个积分求解问题\eqref
                                                  {eq:nint-num-integ-def}往...
The control sequence at the end of the top line
of your error message was never \def'ed. If you have
misspelled it (e.g., `\hobx'), type `I' and the correct
spelling (e.g., `I\hbox'). Otherwise just continue,
and I'll forget about whatever was undefined.

Missing character: There is no e in font nullfont!
Missing character: There is no q in font nullfont!
Missing character: There is no : in font nullfont!
Missing character: There is no n in font nullfont!
Missing character: There is no i in font nullfont!
Missing character: There is no n in font nullfont!
Missing character: There is no t in font nullfont!
Missing character: There is no - in font nullfont!
Missing character: There is no n in font nullfont!
Missing character: There is no u in font nullfont!
Missing character: There is no m in font nullfont!
Missing character: There is no - in font nullfont!
Missing character: There is no i in font nullfont!
Missing character: There is no n in font nullfont!
Missing character: There is no t in font nullfont!
Missing character: There is no e in font nullfont!
Missing character: There is no g in font nullfont!
Missing character: There is no - in font nullfont!
Missing character: There is no d in font nullfont!
Missing character: There is no e in font nullfont!
Missing character: There is no f in font nullfont!
Missing character: There is no 往 in font nullfont!
Missing character: There is no 往 in font nullfont!
Missing character: There is no 存 in font nullfont!
Missing character: There is no 在 in font nullfont!
Missing character: There is no 一 in font nullfont!
Missing character: There is no 系 in font nullfont!
Missing character: There is no 列 in font nullfont!
Missing character: There is no 法 in font nullfont!
Missing character: There is no 则 in font nullfont!
Missing character: There is no ； in font nullfont!
Missing character: There is no 评 in font nullfont!
Missing character: There is no 价 in font nullfont!
Missing character: There is no 不 in font nullfont!
Missing character: There is no 同 in font nullfont!
Missing character: There is no 法 in font nullfont!
Missing character: There is no 则 in font nullfont!
Missing character: There is no 之 in font nullfont!
Missing character: There is no 间 in font nullfont!
Missing character: There is no 好 in font nullfont!
Missing character: There is no 坏 in font nullfont!
Missing character: There is no 的 in font nullfont!
Missing character: There is no 标 in font nullfont!
Missing character: There is no 准 in font nullfont!
Missing character: There is no 在 in font nullfont!
Missing character: There is no 于 in font nullfont!
Missing character: There is no ， in font nullfont!
Missing character: There is no 看 in font nullfont!
Missing character: There is no 哪 in font nullfont!
Missing character: There is no 个 in font nullfont!
Missing character: There is no 法 in font nullfont!
Missing character: There is no 则 in font nullfont!
Missing character: There is no 能 in font nullfont!
Missing character: There is no 用 in font nullfont!
Missing character: There is no 最 in font nullfont!
Missing character: There is no 少 in font nullfont!
Missing character: There is no 的 in font nullfont!
Missing character: There is no 样 in font nullfont!
Missing character: There is no 本 in font nullfont!
Missing character: There is no 点 in font nullfont!
Missing character: There is no 来 in font nullfont!
Missing character: There is no 对 in font nullfont!
! Undefined control sequence.
l.15 ...则能用最少的样本点$N$来对\eqref
                                                  {eq:nint-num-integ-def}作...
The control sequence at the end of the top line
of your error message was never \def'ed. If you have
misspelled it (e.g., `\hobx'), type `I' and the correct
spelling (e.g., `I\hbox'). Otherwise just continue,
and I'll forget about whatever was undefined.

Missing character: There is no e in font nullfont!
Missing character: There is no q in font nullfont!
Missing character: There is no : in font nullfont!
Missing character: There is no n in font nullfont!
Missing character: There is no i in font nullfont!
Missing character: There is no n in font nullfont!
Missing character: There is no t in font nullfont!
Missing character: There is no - in font nullfont!
Missing character: There is no n in font nullfont!
Missing character: There is no u in font nullfont!
Missing character: There is no m in font nullfont!
Missing character: There is no - in font nullfont!
Missing character: There is no i in font nullfont!
Missing character: There is no n in font nullfont!
Missing character: There is no t in font nullfont!
Missing character: There is no e in font nullfont!
Missing character: There is no g in font nullfont!
Missing character: There is no - in font nullfont!
Missing character: There is no d in font nullfont!
Missing character: There is no e in font nullfont!
Missing character: There is no f in font nullfont!
Missing character: There is no 作 in font nullfont!
Missing character: There is no 出 in font nullfont!
Missing character: There is no 最 in font nullfont!
Missing character: There is no 精 in font nullfont!
Missing character: There is no 确 in font nullfont!
Missing character: There is no 的 in font nullfont!
Missing character: There is no 近 in font nullfont!
Missing character: There is no 似 in font nullfont!
Missing character: There is no ， in font nullfont!
Missing character: There is no 同 in font nullfont!
Missing character: There is no 时 in font nullfont!
Missing character: There is no 确 in font nullfont!
Missing character: There is no 保 in font nullfont!
Missing character: There is no 计 in font nullfont!
Missing character: There is no 算 in font nullfont!
Missing character: There is no 成 in font nullfont!
Missing character: There is no 本 in font nullfont!
Missing character: There is no 可 in font nullfont!
Missing character: There is no 控 in font nullfont!
Missing character: There is no ， in font nullfont!
Missing character: There is no 如 in font nullfont!
Missing character: There is no 编 in font nullfont!
Missing character: There is no 程 in font nullfont!
Missing character: There is no 难 in font nullfont!
Missing character: There is no 度 in font nullfont!
Missing character: There is no 、 in font nullfont!
Missing character: There is no 计 in font nullfont!
Missing character: There is no 算 in font nullfont!
Missing character: There is no 时 in font nullfont!
Missing character: There is no 间 in font nullfont!
Missing character: There is no 等 in font nullfont!
Missing character: There is no 。 in font nullfont!

Overfull \hbox (20.0pt too wide) in paragraph at lines 15--16
[]
 []


Overfull \hbox (49.8722pt too wide) in paragraph at lines 15--16
[] \OML/cmm/m/it/10 ; []$
 []


Overfull \hbox (49.8722pt too wide) in paragraph at lines 15--16
[] \OML/cmm/m/it/10 ; []$
 []


Overfull \hbox (9.12497pt too wide) in paragraph at lines 15--16
\OML/cmm/m/it/10 N$ 
 []


! LaTeX Error: \begin{document} ended by \end{subappendices}.

See the LaTeX manual or LaTeX Companion for explanation.
Type  H <return>  for immediate help.
 ...                                              
                                                  
l.35 \end{subappendices}
                        
Your command was ignored.
Type  I <command> <return>  to replace it with another command,
or  <return>  to continue without it.

! Extra \endgroup.
<recently read> \endgroup 
                          
l.35 \end{subappendices}
                        
Things are pretty mixed up, but I think the worst is over.

)
! Emergency stop.
<*> projection-appendices-2.tex
                               
*** (job aborted, no legal \end found)

 
Here is how much of TeX's memory you used:
 13 strings out of 493005
 262 string characters out of 6133328
 62812 words of memory out of 5000000
 4084 multiletter control sequences out of 15000+600000
 3648 words of font info for 15 fonts, out of 8000000 for 9000
 1348 hyphenation exceptions out of 8191
 19i,3n,12p,555b,97s stack positions out of 5000i,500n,10000p,200000b,80000s
No pages of output.
