This is XeTeX, Version 3.14159265-2.6-0.99996 (TeX Live 2016) (preloaded format=xelatex 2017.5.9)  17 MAY 2017 15:03
entering extended mode
 restricted \write18 enabled.
 %&-line parsing enabled.
**rational-expectation-solutions.tex
(./rational-expectation-solutions.tex
LaTeX2e <2017/01/01> patch level 3
Babel <3.9r> and hyphenation patterns for 83 language(s) loaded.
! Undefined control sequence.
l.1 \chapter
            {理性期望模型}
The control sequence at the end of the top line
of your error message was never \def'ed. If you have
misspelled it (e.g., `\hobx'), type `I' and the correct
spelling (e.g., `I\hbox'). Otherwise just continue,
and I'll forget about whatever was undefined.


! LaTeX Error: Missing \begin{document}.

See the LaTeX manual or LaTeX Companion for explanation.
Type  H <return>  for immediate help.
 ...                                              
                                                  
l.1 \chapter{理
                性期望模型}
You're in trouble here.  Try typing  <return>  to proceed.
If that doesn't work, type  X <return>  to quit.

Missing character: There is no 理 in font nullfont!
Missing character: There is no 性 in font nullfont!
Missing character: There is no 期 in font nullfont!
Missing character: There is no 望 in font nullfont!
Missing character: There is no 模 in font nullfont!
Missing character: There is no 型 in font nullfont!

Overfull \hbox (20.0pt too wide) in paragraph at lines 1--3
[]
 []

! Undefined control sequence.
l.4 \section
            {简介}
The control sequence at the end of the top line
of your error message was never \def'ed. If you have
misspelled it (e.g., `\hobx'), type `I' and the correct
spelling (e.g., `I\hbox'). Otherwise just continue,
and I'll forget about whatever was undefined.


! LaTeX Error: Missing \begin{document}.

See the LaTeX manual or LaTeX Companion for explanation.
Type  H <return>  for immediate help.
 ...                                              
                                                  
l.4 \section{简
                介}
You're in trouble here.  Try typing  <return>  to proceed.
If that doesn't work, type  X <return>  to quit.

Missing character: There is no 简 in font nullfont!
Missing character: There is no 介 in font nullfont!
Missing character: There is no 利 in font nullfont!
Missing character: There is no 用 in font nullfont!
Missing character: There is no 动 in font nullfont!
Missing character: There is no 态 in font nullfont!
Missing character: There is no 规 in font nullfont!
Missing character: There is no 划 in font nullfont!
Missing character: There is no ( in font nullfont!
Missing character: There is no d in font nullfont!
Missing character: There is no y in font nullfont!
Missing character: There is no n in font nullfont!
Missing character: There is no a in font nullfont!
Missing character: There is no m in font nullfont!
Missing character: There is no i in font nullfont!
Missing character: There is no c in font nullfont!
Missing character: There is no p in font nullfont!
Missing character: There is no r in font nullfont!
Missing character: There is no o in font nullfont!
Missing character: There is no g in font nullfont!
Missing character: There is no r in font nullfont!
Missing character: There is no a in font nullfont!
Missing character: There is no m in font nullfont!
Missing character: There is no m in font nullfont!
Missing character: There is no i in font nullfont!
Missing character: There is no n in font nullfont!
Missing character: There is no g in font nullfont!
Missing character: There is no ) in font nullfont!
Missing character: There is no 的 in font nullfont!
Missing character: There is no 方 in font nullfont!
Missing character: There is no 法 in font nullfont!
Missing character: There is no 求 in font nullfont!
Missing character: There is no 解 in font nullfont!
Missing character: There is no R in font nullfont!
Missing character: There is no a in font nullfont!
Missing character: There is no m in font nullfont!
Missing character: There is no s in font nullfont!
Missing character: There is no e in font nullfont!
Missing character: There is no y in font nullfont!
Missing character: There is no 随 in font nullfont!
Missing character: There is no 机 in font nullfont!
Missing character: There is no 增 in font nullfont!
Missing character: There is no 长 in font nullfont!
Missing character: There is no 模 in font nullfont!
Missing character: There is no 型 in font nullfont!
Missing character: There is no ， in font nullfont!
Missing character: There is no 一 in font nullfont!
Missing character: There is no 个 in font nullfont!
Missing character: There is no 核 in font nullfont!
Missing character: There is no 心 in font nullfont!
Missing character: There is no 假 in font nullfont!
Missing character: There is no 定 in font nullfont!
Missing character: There is no 是 in font nullfont!
Missing character: There is no 只 in font nullfont!
Missing character: There is no 存 in font nullfont!
Missing character: There is no 在 in font nullfont!
Missing character: There is no 一 in font nullfont!
Missing character: There is no 个 in font nullfont!
Missing character: There is no 典 in font nullfont!
Missing character: There is no 型 in font nullfont!
Missing character: There is no 的 in font nullfont!
Missing character: There is no 经 in font nullfont!
Missing character: There is no 济 in font nullfont!
Missing character: There is no 行 in font nullfont!
Missing character: There is no 为 in font nullfont!
Missing character: There is no 个 in font nullfont!
Missing character: There is no 体 in font nullfont!
Missing character: There is no ， in font nullfont!
Missing character: There is no 他 in font nullfont!
Missing character: There is no 追 in font nullfont!
Missing character: There is no 求 in font nullfont!
Missing character: There is no 自 in font nullfont!
Missing character: There is no 身 in font nullfont!
Missing character: There is no 利 in font nullfont!
Missing character: There is no 益 in font nullfont!
Missing character: There is no 最 in font nullfont!
Missing character: There is no 大 in font nullfont!
Missing character: There is no 化 in font nullfont!
Missing character: There is no 的 in font nullfont!
Missing character: There is no 行 in font nullfont!
Missing character: There is no 为 in font nullfont!
Missing character: There is no 带 in font nullfont!
Missing character: There is no 来 in font nullfont!
Missing character: There is no 社 in font nullfont!
Missing character: There is no 会 in font nullfont!
Missing character: There is no 福 in font nullfont!
Missing character: There is no 利 in font nullfont!
Missing character: There is no 最 in font nullfont!
Missing character: There is no 大 in font nullfont!
Missing character: There is no 化 in font nullfont!
Missing character: There is no 。 in font nullfont!
Missing character: There is no 我 in font nullfont!
Missing character: There is no 们 in font nullfont!
Missing character: There is no 称 in font nullfont!
Missing character: There is no 这 in font nullfont!
Missing character: There is no 样 in font nullfont!
Missing character: There is no 的 in font nullfont!
Missing character: There is no 经 in font nullfont!
Missing character: There is no 济 in font nullfont!
Missing character: There is no 体 in font nullfont!
Missing character: There is no 为 in font nullfont!
Missing character: There is no c in font nullfont!
Missing character: There is no e in font nullfont!
Missing character: There is no n in font nullfont!
Missing character: There is no t in font nullfont!
Missing character: There is no r in font nullfont!
Missing character: There is no a in font nullfont!
Missing character: There is no l in font nullfont!
Missing character: There is no i in font nullfont!
Missing character: There is no z in font nullfont!
Missing character: There is no e in font nullfont!
Missing character: There is no d in font nullfont!
Missing character: There is no e in font nullfont!
Missing character: There is no c in font nullfont!
Missing character: There is no o in font nullfont!
Missing character: There is no n in font nullfont!
Missing character: There is no o in font nullfont!
Missing character: There is no m in font nullfont!
Missing character: There is no y in font nullfont!
Missing character: There is no ， in font nullfont!
Missing character: There is no 均 in font nullfont!
Missing character: There is no 衡 in font nullfont!
Missing character: There is no 状 in font nullfont!
Missing character: There is no 态 in font nullfont!
Missing character: There is no 处 in font nullfont!
Missing character: There is no 于 in font nullfont!
Missing character: There is no P in font nullfont!
Missing character: There is no a in font nullfont!
Missing character: There is no r in font nullfont!
Missing character: There is no e in font nullfont!
Missing character: There is no t in font nullfont!
Missing character: There is no o in font nullfont!
Missing character: There is no o in font nullfont!
Missing character: There is no p in font nullfont!
Missing character: There is no t in font nullfont!
Missing character: There is no i in font nullfont!
Missing character: There is no m in font nullfont!
Missing character: There is no a in font nullfont!
Missing character: There is no l in font nullfont!
Missing character: There is no i in font nullfont!
Missing character: There is no t in font nullfont!
Missing character: There is no y in font nullfont!
Missing character: There is no ， in font nullfont!
Missing character: There is no 这 in font nullfont!
Missing character: There is no 个 in font nullfont!
Missing character: There is no 经 in font nullfont!
Missing character: There is no 济 in font nullfont!
Missing character: There is no 行 in font nullfont!
Missing character: There is no 为 in font nullfont!
Missing character: There is no 人 in font nullfont!
Missing character: There is no 称 in font nullfont!
Missing character: There is no 为 in font nullfont!
Missing character: There is no s in font nullfont!
Missing character: There is no o in font nullfont!
Missing character: There is no c in font nullfont!
Missing character: There is no i in font nullfont!
Missing character: There is no a in font nullfont!
Missing character: There is no l in font nullfont!
Missing character: There is no p in font nullfont!
Missing character: There is no l in font nullfont!
Missing character: There is no a in font nullfont!
Missing character: There is no n in font nullfont!
Missing character: There is no n in font nullfont!
Missing character: There is no e in font nullfont!
Missing character: There is no r in font nullfont!
Missing character: There is no 。 in font nullfont!

Overfull \hbox (20.0pt too wide) in paragraph at lines 4--6
[]
 []


! LaTeX Error: Missing \begin{document}.

See the LaTeX manual or LaTeX Companion for explanation.
Type  H <return>  for immediate help.
 ...                                              
                                                  
l.7 然
       而现实中更常见decentralized economy的情况，即存在异质...

You're in trouble here.  Try typing  <return>  to proceed.
If that doesn't work, type  X <return>  to quit.

Missing character: There is no 然 in font nullfont!
Missing character: There is no 而 in font nullfont!
Missing character: There is no 现 in font nullfont!
Missing character: There is no 实 in font nullfont!
Missing character: There is no 中 in font nullfont!
Missing character: There is no 更 in font nullfont!
Missing character: There is no 常 in font nullfont!
Missing character: There is no 见 in font nullfont!
Missing character: There is no d in font nullfont!
Missing character: There is no e in font nullfont!
Missing character: There is no c in font nullfont!
Missing character: There is no e in font nullfont!
Missing character: There is no n in font nullfont!
Missing character: There is no t in font nullfont!
Missing character: There is no r in font nullfont!
Missing character: There is no a in font nullfont!
Missing character: There is no l in font nullfont!
Missing character: There is no i in font nullfont!
Missing character: There is no z in font nullfont!
Missing character: There is no e in font nullfont!
Missing character: There is no d in font nullfont!
Missing character: There is no e in font nullfont!
Missing character: There is no c in font nullfont!
Missing character: There is no o in font nullfont!
Missing character: There is no n in font nullfont!
Missing character: There is no o in font nullfont!
Missing character: There is no m in font nullfont!
Missing character: There is no y in font nullfont!
Missing character: There is no 的 in font nullfont!
Missing character: There is no 情 in font nullfont!
Missing character: There is no 况 in font nullfont!
Missing character: There is no ， in font nullfont!
Missing character: There is no 即 in font nullfont!
Missing character: There is no 存 in font nullfont!
Missing character: There is no 在 in font nullfont!
Missing character: There is no 异 in font nullfont!
Missing character: There is no 质 in font nullfont!
Missing character: There is no 的 in font nullfont!
Missing character: There is no 多 in font nullfont!
Missing character: There is no 个 in font nullfont!
Missing character: There is no 经 in font nullfont!
Missing character: There is no 济 in font nullfont!
Missing character: There is no 个 in font nullfont!
Missing character: There is no 体 in font nullfont!
Missing character: There is no ， in font nullfont!
Missing character: There is no 他 in font nullfont!
Missing character: There is no 们 in font nullfont!
Missing character: There is no 的 in font nullfont!
Missing character: There is no 最 in font nullfont!
Missing character: There is no 大 in font nullfont!
Missing character: There is no 化 in font nullfont!
Missing character: There is no 目 in font nullfont!
Missing character: There is no 标 in font nullfont!
Missing character: There is no 各 in font nullfont!
Missing character: There is no 异 in font nullfont!
Missing character: There is no ， in font nullfont!
Missing character: There is no 如 in font nullfont!
Missing character: There is no 厂 in font nullfont!
Missing character: There is no 商 in font nullfont!
Missing character: There is no 追 in font nullfont!
Missing character: There is no 求 in font nullfont!
Missing character: There is no 利 in font nullfont!
Missing character: There is no 润 in font nullfont!
Missing character: There is no 最 in font nullfont!
Missing character: There is no 大 in font nullfont!
Missing character: There is no 化 in font nullfont!
Missing character: There is no ， in font nullfont!
Missing character: There is no 家 in font nullfont!
Missing character: There is no 庭 in font nullfont!
Missing character: There is no 追 in font nullfont!
Missing character: There is no 求 in font nullfont!
Missing character: There is no 效 in font nullfont!
Missing character: There is no 用 in font nullfont!
Missing character: There is no 最 in font nullfont!
Missing character: There is no 大 in font nullfont!
Missing character: There is no 化 in font nullfont!
Missing character: There is no ， in font nullfont!
Missing character: There is no 劳 in font nullfont!
Missing character: There is no 动 in font nullfont!
Missing character: There is no 者 in font nullfont!
Missing character: There is no 做 in font nullfont!
Missing character: There is no 劳 in font nullfont!
Missing character: There is no 动 in font nullfont!
Missing character: There is no — in font nullfont!
Missing character: There is no — in font nullfont!
Missing character: There is no 休 in font nullfont!
Missing character: There is no 闲 in font nullfont!
Missing character: There is no 的 in font nullfont!
Missing character: There is no 最 in font nullfont!
Missing character: There is no 优 in font nullfont!
Missing character: There is no 决 in font nullfont!
Missing character: There is no 策 in font nullfont!
Missing character: There is no ， in font nullfont!
Missing character: There is no 等 in font nullfont!
Missing character: There is no 等 in font nullfont!
Missing character: There is no 。 in font nullfont!
Missing character: There is no 的 in font nullfont!
Missing character: There is no 确 in font nullfont!
Missing character: There is no ， in font nullfont!
Missing character: There is no 根 in font nullfont!
Missing character: There is no 据 in font nullfont!
Missing character: There is no 福 in font nullfont!
Missing character: There is no 利 in font nullfont!
Missing character: There is no 经 in font nullfont!
Missing character: There is no 济 in font nullfont!
Missing character: There is no 学 in font nullfont!
Missing character: There is no 第 in font nullfont!
Missing character: There is no 二 in font nullfont!
Missing character: There is no 定 in font nullfont!
Missing character: There is no 律 in font nullfont!
Missing character: There is no ( in font nullfont!
Missing character: There is no t in font nullfont!
Missing character: There is no h in font nullfont!
Missing character: There is no e in font nullfont!
Missing character: There is no s in font nullfont!
Missing character: There is no e in font nullfont!
Missing character: There is no c in font nullfont!
Missing character: There is no o in font nullfont!
Missing character: There is no n in font nullfont!
Missing character: There is no d in font nullfont!
Missing character: There is no f in font nullfont!
Missing character: There is no u in font nullfont!
Missing character: There is no n in font nullfont!
Missing character: There is no d in font nullfont!
Missing character: There is no a in font nullfont!
Missing character: There is no m in font nullfont!
Missing character: There is no e in font nullfont!
Missing character: There is no n in font nullfont!
Missing character: There is no t in font nullfont!
Missing character: There is no a in font nullfont!
Missing character: There is no l in font nullfont!
Missing character: There is no w in font nullfont!
Missing character: There is no e in font nullfont!
Missing character: There is no l in font nullfont!
Missing character: There is no f in font nullfont!
Missing character: There is no a in font nullfont!
Missing character: There is no r in font nullfont!
Missing character: There is no e in font nullfont!
Missing character: There is no t in font nullfont!
Missing character: There is no h in font nullfont!
Missing character: There is no e in font nullfont!
Missing character: There is no o in font nullfont!
Missing character: There is no r in font nullfont!
Missing character: There is no e in font nullfont!
Missing character: There is no m in font nullfont!
Missing character: There is no , in font nullfont!
Missing character: There is no [ in font nullfont!
\citation{MasColell:1995ue}
! Undefined control sequence.
<write> ...: Citation `\@citeb ' on page \thepage 
                                                  \space undefined\on@line .^^J
l.7 ...are theorem, \cite[p.151]{MasColell:1995ue}
                                                  )，
The control sequence at the end of the top line
of your error message was never \def'ed. If you have
misspelled it (e.g., `\hobx'), type `I' and the correct
spelling (e.g., `I\hbox'). Otherwise just continue,
and I'll forget about whatever was undefined.


LaTeX Warning: Citation `MasColell:1995ue' on page  undefined on input line 7.

Missing character: There is no , in font nullfont!
Missing character: There is no p in font nullfont!
Missing character: There is no . in font nullfont!
Missing character: There is no 1 in font nullfont!
Missing character: There is no 5 in font nullfont!
Missing character: There is no 1 in font nullfont!
Missing character: There is no ] in font nullfont!
Missing character: There is no ) in font nullfont!
Missing character: There is no ， in font nullfont!
)
! Emergency stop.
<*> rational-expectation-solutions.tex
                                      
*** (job aborted, no legal \end found)

 
Here is how much of TeX's memory you used:
 12 strings out of 493068
 325 string characters out of 6135637
 55792 words of memory out of 5000000
 4028 multiletter control sequences out of 15000+600000
 3656 words of font info for 16 fonts, out of 8000000 for 9000
 1347 hyphenation exceptions out of 8191
 19i,2n,23p,240b,98s stack positions out of 5000i,500n,10000p,200000b,80000s
No pages of output.
