\BOOKMARK [0][-]{chapter.1}{\376\377\122\115\212\000}{}% 1
\BOOKMARK [-1][-]{part.1}{\376\377\173\054\116\000\220\350\122\006\000\040\127\372\170\100}{}% 2
\BOOKMARK [0][-]{chapter.2}{\376\377\127\372\121\306\000N\000e\000w\000\040\000K\000e\000y\000n\000e\000s\000i\000a\000n\152\041\127\213}{part.1}% 3
\BOOKMARK [1][-]{section.2.1}{\376\377\133\266\136\255\220\350\225\350}{chapter.2}% 4
\BOOKMARK [1][-]{section.2.2}{\376\377\117\001\116\032\220\350\225\350}{chapter.2}% 5
\BOOKMARK [2][-]{subsection.2.2.1}{\376\377\147\000\176\310\116\247\124\301\165\037\116\247\220\350\225\350}{section.2.2}% 6
\BOOKMARK [2][-]{subsection.2.2.2}{\376\377\116\055\225\364\116\247\124\301\165\037\116\247\220\350\225\350}{section.2.2}% 7
\BOOKMARK [2][-]{subsection.2.2.3}{\376\377\147\000\176\310\116\247\124\301\133\232\116\367\377\032\000C\000a\000l\000v\000o\000\040\000a\000s\000s\000u\000p\000m\000t\000i\000o\000n}{section.2.2}% 8
\BOOKMARK [1][-]{section.2.3}{\376\377\131\026\165\037\142\200\147\057\121\262\121\373}{chapter.2}% 9
\BOOKMARK [1][-]{section.2.4}{\376\377\140\073\221\317\127\107\210\141}{chapter.2}% 10
\BOOKMARK [2][-]{subsection.2.4.1}{\376\377\133\266\136\255\220\350\225\350\155\210\215\071\166\204\121\263\133\232}{section.2.4}% 11
\BOOKMARK [2][-]{subsection.2.4.2}{\376\377\000p\000r\000i\000c\000e\000\040\000d\000i\000s\000p\000e\000r\000s\000i\000o\000n}{section.2.4}% 12
\BOOKMARK [1][-]{section.2.5}{\376\377\377\010\227\136\226\217\147\072\166\204\377\011\172\063\133\232\162\266\140\001}{chapter.2}% 13
\BOOKMARK [1][-]{section.2.6}{\376\377\000f\000l\000e\000x\000i\000b\000l\000e\000\040\000p\000r\000i\000c\000e\000\040\000e\000q\000u\000i\000l\000i\000b\000r\000i\000u\000m\000\040\124\214\000\040\000o\000u\000t\000p\000u\000t\000\040\000g\000a\000p}{chapter.2}% 14
\BOOKMARK [2][-]{subsection.2.6.1}{\376\377\000f\000l\000e\000x\000i\000b\000l\000e\000\040\000p\000r\000i\000c\000e\000\040\000e\000q\000u\000i\000l\000i\000b\000r\000i\000u\000m}{section.2.6}% 15
\BOOKMARK [2][-]{subsection.2.6.2}{\376\377\000o\000u\000t\000p\000u\000t\000\040\000g\000a\000p}{section.2.6}% 16
\BOOKMARK [1][-]{section.2.7}{\376\377\000T\000a\000y\000l\000o\000r\154\325\122\031}{chapter.2}% 17
\BOOKMARK [1][-]{section.2.8}{\376\377\133\214\145\164\166\204\127\107\210\141\147\141\116\366}{chapter.2}% 18
\BOOKMARK [1][-]{section.2.9}{\376\377\133\371\145\160\176\277\140\047\123\026}{chapter.2}% 19
\BOOKMARK [2][-]{subsection.2.9.1}{\376\377\133\371\145\160\176\277\140\047\123\026\213\241\173\227}{section.2.9}% 20
\BOOKMARK [2][-]{subsection.2.9.2}{\376\377\176\277\140\047\152\041\127\213}{section.2.9}% 21
\BOOKMARK [0][-]{chapter.3}{\376\377\000M\000e\000d\000i\000u\000m\000-\000S\000i\000z\000e\000d\000\040\000D\000S\000G\000E\152\041\127\213}{part.1}% 22
\BOOKMARK [1][-]{section.3.1}{\376\377\116\247\124\301\166\204\165\037\116\247\220\350\225\350}{chapter.3}% 23
\BOOKMARK [2][-]{subsection.3.1.1}{\376\377\147\000\176\310\116\247\124\301\165\037\116\247\220\350\225\350}{section.3.1}% 24
\BOOKMARK [2][-]{subsection.3.1.2}{\376\377\116\055\225\364\116\247\124\301\165\037\116\247\220\350\225\350}{section.3.1}% 25
\BOOKMARK [2][-]{subsection.3.1.3}{\376\377\116\055\225\364\116\247\124\301\165\037\116\247\200\005\166\204\217\271\226\105\142\020\147\054}{section.3.1}% 26
\BOOKMARK [2][-]{subsection.3.1.4}{\376\377\116\055\225\364\116\247\124\301\165\037\116\247\200\005\166\204\133\232\116\367}{section.3.1}% 27
\BOOKMARK [2][-]{subsection.3.1.5}{\376\377\000p\000r\000i\000c\000e\000\040\000d\000i\000s\000p\000e\000r\000s\000i\000o\000n\000\040\000i\000n\000d\000e\000x}{section.3.1}% 28
\BOOKMARK [2][-]{subsection.3.1.6}{\376\377\142\225\215\104\166\204\214\003\202\202\142\020\147\054}{section.3.1}% 29
\BOOKMARK [2][-]{subsection.3.1.7}{\376\377\140\073\116\247\121\372\166\204\122\006\221\115}{section.3.1}% 30
\BOOKMARK [1][-]{section.3.2}{\376\377\133\266\136\255\220\350\225\350}{chapter.3}% 31
\BOOKMARK [2][-]{subsection.3.2.1}{\376\377\122\263\122\250\122\233\142\225\121\145\377\032\124\014\215\050\123\026\120\107\133\232\217\330\146\057\137\002\215\050\123\026\120\107\133\232\377\037}{section.3.2}% 32
\BOOKMARK [2][-]{subsection.3.2.2}{\376\377\122\263\122\250\122\233\142\177\123\005\125\106}{section.3.2}% 33
\BOOKMARK [2][-]{subsection.3.2.3}{\376\377\133\266\136\255\210\114\116\072}{section.3.2}% 34
\BOOKMARK [2][-]{subsection.3.2.4}{\376\377\122\263\135\345\200\124\166\337\166\204\135\345\215\104\173\126\165\145}{section.3.2}% 35
\BOOKMARK [2][-]{subsection.3.2.5}{\376\377\000w\000a\000g\000e\000\040\000d\000i\000s\000p\000e\000r\000s\000i\000o\000n\000\040\000i\000n\000d\000e\000x}{section.3.2}% 36
\BOOKMARK [2][-]{subsection.3.2.6}{\376\377\133\266\136\255\230\204\173\227\176\246\147\137\147\141\116\366}{section.3.2}% 37
\BOOKMARK [2][-]{subsection.3.2.7}{\376\377\215\104\147\054\171\357\175\057}{section.3.2}% 38
\BOOKMARK [2][-]{subsection.3.2.8}{\376\377\133\266\136\255\220\350\225\350\147\000\131\047\123\026\225\356\230\230}{section.3.2}% 39
\BOOKMARK [1][-]{section.3.3}{\376\377\000P\000r\000i\000c\000e\000\040\000P\000h\000i\000l\000i\000p\000s\000\040\000C\000u\000r\000v\000e}{chapter.3}% 40
\BOOKMARK [2][-]{subsection.3.3.1}{\376\377\000p\000r\000i\000c\000e\000\040\000d\000i\000s\000p\000e\000r\000s\000i\000o\000n\000\040\000i\000n\000d\000e\000x\166\204\176\277\140\047\217\321\117\074}{section.3.3}% 41
\BOOKMARK [2][-]{subsection.3.3.2}{\376\377\116\044\116\052\217\205\122\251\123\330\221\317\166\204\176\277\140\047\217\321\117\074}{section.3.3}% 42
\BOOKMARK [2][-]{subsection.3.3.3}{\376\377\000r\000e\000s\000e\000t\000\040\000p\000r\000i\000c\000e\000\040\000i\000n\000f\000l\000a\000t\000i\000o\000n\166\204\176\277\140\047\217\321\117\074}{section.3.3}% 43
\BOOKMARK [2][-]{subsection.3.3.4}{\376\377\000P\000r\000i\000c\000e\000\040\000P\000h\000i\000l\000i\000p\000s\000\040\000C\000u\000r\000v\000e}{section.3.3}% 44
\BOOKMARK [1][-]{section.3.4}{\376\377\000W\000a\000g\000e\000\040\000P\000h\000i\000l\000i\000p\000s\000\040\000C\000u\000r\000v\000e}{chapter.3}% 45
\BOOKMARK [2][-]{subsection.3.4.1}{\376\377\172\063\133\232\162\266\140\001\166\204\143\317\217\360}{section.3.4}% 46
\BOOKMARK [2][-]{subsection.3.4.2}{\376\377\000w\000a\000g\000e\000\040\000i\000n\000f\000l\000a\000t\000i\000o\000n}{section.3.4}% 47
\BOOKMARK [2][-]{subsection.3.4.3}{\376\377\217\205\122\251\123\330\221\317\000X\000t\000,\000m}{section.3.4}% 48
\BOOKMARK [2][-]{subsection.3.4.4}{\376\377\122\263\122\250\122\233\117\233\136\224}{section.3.4}% 49
\BOOKMARK [2][-]{subsection.3.4.5}{\376\377\217\271\226\105\122\263\122\250\142\020\147\054}{section.3.4}% 50
\BOOKMARK [2][-]{subsection.3.4.6}{\376\377\000w\000a\000g\000e\000\040\000p\000r\000i\000c\000e\000\040\000i\000n\000f\000l\000a\000t\000i\000o\000n}{section.3.4}% 51
\BOOKMARK [2][-]{subsection.3.4.7}{\376\377\121\166\116\326\217\205\122\251\123\330\221\317}{section.3.4}% 52
\BOOKMARK [1][-]{section.3.5}{\376\377\153\324\217\203\116\044\147\141\000p\000h\000i\000l\000i\000p\000s\000\040\000c\000u\000r\000v\000e}{chapter.3}% 53
\BOOKMARK [-1][-]{part.2}{\376\377\173\054\116\214\220\350\122\006\000\040\116\055\173\111\211\304\152\041\166\204\122\250\140\001\226\217\147\072\116\000\202\054\127\107\210\141\152\041\127\213}{}% 54
\BOOKMARK [0][-]{chapter.4}{\376\377\000N\000K\000-\000D\000S\000G\000E\152\041\127\213}{part.2}% 55
\BOOKMARK [1][-]{section.4.1}{\376\377\000I\000n\000t\000r\000d\000u\000c\000t\000i\000o\000n}{chapter.4}% 56
\BOOKMARK [2][-]{subsection.4.1.1}{\376\377\152\041\127\213\116\055\166\204\121\155\116\052\165\037\116\247\220\350\225\350}{section.4.1}% 57
\BOOKMARK [2][-]{subsection.4.1.2}{\376\377\121\340\160\271\213\364\146\016}{section.4.1}% 58
\BOOKMARK [1][-]{section.4.2}{\376\377\211\343\147\220\152\041\127\213}{chapter.4}% 59
\BOOKMARK [2][-]{subsection.4.2.1}{\376\377\122\263\122\250\142\177\123\005\220\350\225\350}{section.4.2}% 60
\BOOKMARK [2][-]{subsection.4.2.2}{\376\377\133\266\136\255\220\350\225\350}{section.4.2}% 61
\BOOKMARK [2][-]{subsection.4.2.3}{\376\377\147\000\176\310\116\247\124\301\165\037\116\247\220\350\225\350}{section.4.2}% 62
\BOOKMARK [2][-]{subsection.4.2.4}{\376\377\116\055\225\364\116\247\124\301\165\037\116\247\220\350\225\350}{section.4.2}% 63
\BOOKMARK [2][-]{subsection.4.2.5}{\376\377\145\077\136\234\220\350\225\350}{section.4.2}% 64
\BOOKMARK [2][-]{subsection.4.2.6}{\376\377\116\055\131\056\224\366\210\114}{section.4.2}% 65
\BOOKMARK [2][-]{subsection.4.2.7}{\376\377\140\073\221\317\134\102\227\142\166\204\127\107\210\141}{section.4.2}% 66
\BOOKMARK [2][-]{subsection.4.2.8}{\376\377\131\026\165\037\217\307\172\013}{section.4.2}% 67
\BOOKMARK [2][-]{subsection.4.2.9}{\376\377\127\107\210\141\147\141\116\366\166\204\133\214\145\164\211\343\226\306}{section.4.2}% 68
\BOOKMARK [2][-]{subsection.4.2.10}{\376\377\227\136\226\217\147\072\166\204\172\063\133\232\162\266\140\001}{section.4.2}% 69
\BOOKMARK [-1][-]{part.3}{\376\377\173\054\116\011\220\350\122\006\000\040\226\104\137\125}{}% 70
\BOOKMARK [0][-]{附录.1.A}{\376\377\226\104\137\125\000\040\000M\000e\000d\000i\000u\000m\000-\000S\000i\000z\000e\000d\000\040\000D\000S\000G\000E\152\041\127\213\166\204\226\104\137\125}{part.3}% 71
\BOOKMARK [1][-]{section.1.A.1}{\376\377\000s\000c\000a\000l\000e\000d\000\040\000v\000a\000r\000i\000a\000b\000l\000e\000s}{附录.1.A}% 72
\BOOKMARK [2][-]{subsection.1.A.1.1}{\376\377\121\340\116\052\154\241\121\231\133\214\166\204\213\364\146\016}{section.1.A.1}% 73
\BOOKMARK [1][-]{section.1.A.2}{\376\377\000F\000r\000i\000s\000c\000h\000\040\000e\000l\000a\000s\000t\000i\000c\000i\000t\000y\000\040\000o\000f\000\040\000l\000a\000b\000o\000r\000\040\000s\000u\000p\000p\000l\000y}{附录.1.A}% 74
\BOOKMARK [2][-]{subsection.1.A.2.1}{\376\377\133\232\116\111}{section.1.A.2}% 75
\BOOKMARK [2][-]{subsection.1.A.2.2}{\376\377\116\076\117\213}{section.1.A.2}% 76
\BOOKMARK [1][-]{section.1.A.3}{\376\377\214\003\202\202\142\020\147\054\166\204\136\070\211\301\213\276\133\232\137\142\137\017\123\312\153\324\217\203}{附录.1.A}% 77
\BOOKMARK [2][-]{subsection.1.A.3.1}{\376\377\133\266\136\255\220\350\225\350\117\030\123\026\147\141\116\366}{section.1.A.3}% 78
\BOOKMARK [2][-]{subsection.1.A.3.2}{\376\377\153\324\217\203\176\277\140\047\124\214\227\136\176\277\140\047\214\003\202\202\142\020\147\054}{section.1.A.3}% 79
\BOOKMARK [2][-]{subsection.1.A.3.3}{\376\377\153\324\217\203\142\225\215\104\214\003\202\202\142\020\147\054\124\214\215\104\147\054\214\003\202\202\142\020\147\054}{section.1.A.3}% 80
\BOOKMARK [0][-]{附录.1.B}{\376\377\226\104\137\125\000\040\000P\000o\000s\000t\000-\000K\000e\000y\000n\000e\000s\000i\000a\000n\000\040\000E\000c\000o\000n\000o\000m\000i\000c\000s\166\204\116\000\116\052\134\017\176\374\217\360}{part.3}% 81
\BOOKMARK [1][-]{section.1.B.1}{\376\377\000I\000n\000t\000r\000o\000d\000u\000c\000t\000i\000o\000n}{附录.1.B}% 82
\BOOKMARK [1][-]{section.1.B.2}{\376\377\000P\000K\166\204\116\073\211\201\145\271\154\325\213\272}{附录.1.B}% 83
\BOOKMARK [1][-]{section.1.B.3}{\376\377\000P\000K\116\013\166\204\136\002\127\072\176\323\147\204\116\016\133\232\116\367}{附录.1.B}% 84
\BOOKMARK [2][-]{subsection.1.B.3.1}{\376\377\000P\000K\116\013\166\204\136\002\127\072\176\323\147\204}{section.1.B.3}% 85
\BOOKMARK [2][-]{subsection.1.B.3.2}{\376\377\000P\000K\116\013\166\204\133\232\116\367\173\126\165\145}{section.1.B.3}% 86
\BOOKMARK [1][-]{section.1.B.4}{\376\377\000P\000K\116\013\166\204\133\217\211\302\176\317\155\116}{附录.1.B}% 87
\BOOKMARK [1][-]{section.1.B.5}{\376\377\000P\000K\211\306\221\316\116\013\166\204\176\317\155\116\145\077\173\126}{附录.1.B}% 88
\BOOKMARK [0][-]{附录.1.C}{\376\377\226\104\137\125\000\040\000K\000e\000y\000n\000e\000s\000i\000a\000n\000,\000\040\000N\000e\000w\000\040\000K\000e\000y\000n\000e\000s\000i\000a\000n\000\040\000a\000n\000d\000\040\000N\000e\000w\000\040\000C\000l\000a\000s\000s\000i\000c\000a\000l\000\040\000E\000c\000o\000n\000o\000m\000i\000c\000s}{part.3}% 89
\BOOKMARK [1][-]{section.1.C.1}{\376\377\000K\000e\000y\000n\000e\000s\000i\000a\000n\166\204\126\333\116\052\150\070\137\303}{附录.1.C}% 90
\BOOKMARK [2][-]{subsection.1.C.1.1}{\376\377\131\061\116\032\116\016\147\011\145\110\135\345\215\104\164\006\213\272}{section.1.C.1}% 91
\BOOKMARK [2][-]{subsection.1.C.1.2}{\376\377\116\367\150\074\123\330\123\026\116\016\176\317\155\116\154\342\122\250}{section.1.C.1}% 92
\BOOKMARK [2][-]{subsection.1.C.1.3}{\376\377\120\250\204\304\116\016\142\225\215\104\377\014\117\341\215\067\221\115\176\331}{section.1.C.1}% 93
\BOOKMARK [2][-]{subsection.1.C.1.4}{\376\377\117\233\136\224\116\016\142\200\147\057\217\333\153\145}{section.1.C.1}% 94
\BOOKMARK [1][-]{section.1.C.2}{\376\377\000N\000e\000w\000\040\000K\000e\000y\000n\000e\000s\000i\000a\000n\176\317\155\116\133\146\166\204\126\333\116\052\150\070\137\303}{附录.1.C}% 95
\BOOKMARK [2][-]{subsection.1.C.2.1}{\376\377\147\011\145\110\135\345\215\104}{section.1.C.2}% 96
\BOOKMARK [2][-]{subsection.1.C.2.2}{\376\377\215\104\116\247\221\115\176\331}{section.1.C.2}% 97
\BOOKMARK [2][-]{subsection.1.C.2.3}{\376\377\117\341\215\067\221\115\176\331}{section.1.C.2}% 98
\BOOKMARK [2][-]{subsection.1.C.2.4}{\376\377\215\047\136\001\145\077\173\126}{section.1.C.2}% 99
\BOOKMARK [2][-]{subsection.1.C.2.5}{\376\377\134\017\176\323}{section.1.C.2}% 100
\BOOKMARK [1][-]{section.1.C.3}{\376\377\121\357\140\151\145\257\166\204\116\015\215\263}{附录.1.C}% 101
\BOOKMARK [2][-]{subsection.1.C.3.1}{\376\377\120\072\122\070\124\214\200\241\171\150\166\204\123\072\122\053}{section.1.C.3}% 102
\BOOKMARK [2][-]{subsection.1.C.3.2}{\376\377\227\000\154\102\124\214\117\233\136\224}{section.1.C.3}% 103
\BOOKMARK [2][-]{subsection.1.C.3.3}{\376\377\142\225\215\104\166\204\121\263\133\232\126\340\175\040}{section.1.C.3}% 104
\BOOKMARK [2][-]{subsection.1.C.3.4}{\376\377\215\047\136\001\145\077\173\126}{section.1.C.3}% 105
\BOOKMARK [1][-]{section.1.C.4}{\376\377\134\017\176\323}{附录.1.C}% 106
