\BOOKMARK [0][-]{chapter.1}{\376\377\122\115\212\000}{}% 1
\BOOKMARK [-1][-]{part.1}{\376\377\173\054\116\000\220\350\122\006\000\040\152\041\127\213\147\204\136\372}{}% 2
\BOOKMARK [0][-]{chapter.2}{\376\377\127\372\121\306\000N\000e\000w\000\040\000K\000e\000y\000n\000e\000s\000i\000a\000n\152\041\127\213}{part.1}% 3
\BOOKMARK [1][-]{section.2.1}{\376\377\133\266\136\255\220\350\225\350}{chapter.2}% 4
\BOOKMARK [1][-]{section.2.2}{\376\377\117\001\116\032\220\350\225\350}{chapter.2}% 5
\BOOKMARK [2][-]{subsection.2.2.1}{\376\377\147\000\176\310\116\247\124\301\165\037\116\247\220\350\225\350}{section.2.2}% 6
\BOOKMARK [2][-]{subsection.2.2.2}{\376\377\116\055\225\364\116\247\124\301\165\037\116\247\220\350\225\350}{section.2.2}% 7
\BOOKMARK [2][-]{subsection.2.2.3}{\376\377\147\000\176\310\116\247\124\301\133\232\116\367\377\032\000C\000a\000l\000v\000o\000\040\000a\000s\000s\000u\000p\000m\000t\000i\000o\000n}{section.2.2}% 8
\BOOKMARK [1][-]{section.2.3}{\376\377\131\026\165\037\142\200\147\057\121\262\121\373}{chapter.2}% 9
\BOOKMARK [1][-]{section.2.4}{\376\377\140\073\221\317\127\107\210\141}{chapter.2}% 10
\BOOKMARK [2][-]{subsection.2.4.1}{\376\377\133\266\136\255\220\350\225\350\155\210\215\071\166\204\121\263\133\232}{section.2.4}% 11
\BOOKMARK [2][-]{subsection.2.4.2}{\376\377\000p\000r\000i\000c\000e\000\040\000d\000i\000s\000p\000e\000r\000s\000i\000o\000n}{section.2.4}% 12
\BOOKMARK [1][-]{section.2.5}{\376\377\377\010\227\136\226\217\147\072\166\204\377\011\172\063\133\232\162\266\140\001}{chapter.2}% 13
\BOOKMARK [1][-]{section.2.6}{\376\377\000f\000l\000e\000x\000i\000b\000l\000e\000\040\000p\000r\000i\000c\000e\000\040\000e\000q\000u\000i\000l\000i\000b\000r\000i\000u\000m\000\040\124\214\000\040\000o\000u\000t\000p\000u\000t\000\040\000g\000a\000p}{chapter.2}% 14
\BOOKMARK [2][-]{subsection.2.6.1}{\376\377\000f\000l\000e\000x\000i\000b\000l\000e\000\040\000p\000r\000i\000c\000e\000\040\000e\000q\000u\000i\000l\000i\000b\000r\000i\000u\000m}{section.2.6}% 15
\BOOKMARK [2][-]{subsection.2.6.2}{\376\377\000o\000u\000t\000p\000u\000t\000\040\000g\000a\000p}{section.2.6}% 16
\BOOKMARK [1][-]{section.2.7}{\376\377\000T\000a\000y\000l\000o\000r\154\325\122\031}{chapter.2}% 17
\BOOKMARK [1][-]{section.2.8}{\376\377\133\214\145\164\166\204\127\107\210\141\147\141\116\366}{chapter.2}% 18
\BOOKMARK [1][-]{section.2.9}{\376\377\133\371\145\160\176\277\140\047\123\026}{chapter.2}% 19
\BOOKMARK [2][-]{subsection.2.9.1}{\376\377\133\371\145\160\176\277\140\047\123\026\213\241\173\227}{section.2.9}% 20
\BOOKMARK [2][-]{subsection.2.9.2}{\376\377\176\277\140\047\152\041\127\213}{section.2.9}% 21
\BOOKMARK [0][-]{chapter.3}{\376\377\000M\000e\000d\000i\000u\000m\000-\000S\000i\000z\000e\000d\000\040\000D\000S\000G\000E\152\041\127\213}{part.1}% 22
\BOOKMARK [1][-]{section.3.1}{\376\377\116\247\124\301\166\204\165\037\116\247\220\350\225\350}{chapter.3}% 23
\BOOKMARK [2][-]{subsection.3.1.1}{\376\377\147\000\176\310\116\247\124\301\165\037\116\247\220\350\225\350}{section.3.1}% 24
\BOOKMARK [2][-]{subsection.3.1.2}{\376\377\116\055\225\364\116\247\124\301\165\037\116\247\220\350\225\350}{section.3.1}% 25
\BOOKMARK [2][-]{subsection.3.1.3}{\376\377\116\055\225\364\116\247\124\301\165\037\116\247\200\005\166\204\217\271\226\105\142\020\147\054}{section.3.1}% 26
\BOOKMARK [2][-]{subsection.3.1.4}{\376\377\116\055\225\364\116\247\124\301\165\037\116\247\200\005\166\204\133\232\116\367}{section.3.1}% 27
\BOOKMARK [2][-]{subsection.3.1.5}{\376\377\000p\000r\000i\000c\000e\000\040\000d\000i\000s\000p\000e\000r\000s\000i\000o\000n\000\040\000i\000n\000d\000e\000x}{section.3.1}% 28
\BOOKMARK [2][-]{subsection.3.1.6}{\376\377\142\225\215\104\166\204\214\003\202\202\142\020\147\054}{section.3.1}% 29
\BOOKMARK [2][-]{subsection.3.1.7}{\376\377\140\073\116\247\121\372\166\204\122\006\221\115}{section.3.1}% 30
\BOOKMARK [1][-]{section.3.2}{\376\377\133\266\136\255\220\350\225\350}{chapter.3}% 31
\BOOKMARK [2][-]{subsection.3.2.1}{\376\377\122\263\122\250\122\233\142\225\121\145\377\032\124\014\215\050\123\026\120\107\133\232\217\330\146\057\137\002\215\050\123\026\120\107\133\232\377\037}{section.3.2}% 32
\BOOKMARK [2][-]{subsection.3.2.2}{\376\377\122\263\122\250\122\233\142\177\123\005\125\106}{section.3.2}% 33
\BOOKMARK [2][-]{subsection.3.2.3}{\376\377\133\266\136\255\210\114\116\072}{section.3.2}% 34
\BOOKMARK [2][-]{subsection.3.2.4}{\376\377\122\263\135\345\200\124\166\337\166\204\135\345\215\104\173\126\165\145}{section.3.2}% 35
\BOOKMARK [2][-]{subsection.3.2.5}{\376\377\000w\000a\000g\000e\000\040\000d\000i\000s\000p\000e\000r\000s\000i\000o\000n\000\040\000i\000n\000d\000e\000x}{section.3.2}% 36
\BOOKMARK [2][-]{subsection.3.2.6}{\376\377\133\266\136\255\230\204\173\227\176\246\147\137\147\141\116\366}{section.3.2}% 37
\BOOKMARK [2][-]{subsection.3.2.7}{\376\377\215\104\147\054\171\357\175\057}{section.3.2}% 38
\BOOKMARK [2][-]{subsection.3.2.8}{\376\377\133\266\136\255\220\350\225\350\147\000\131\047\123\026\225\356\230\230}{section.3.2}% 39
\BOOKMARK [1][-]{section.3.3}{\376\377\000P\000r\000i\000c\000e\000\040\000P\000h\000i\000l\000i\000p\000s\000\040\000C\000u\000r\000v\000e}{chapter.3}% 40
\BOOKMARK [2][-]{subsection.3.3.1}{\376\377\000p\000r\000i\000c\000e\000\040\000d\000i\000s\000p\000e\000r\000s\000i\000o\000n\000\040\000i\000n\000d\000e\000x\166\204\176\277\140\047\217\321\117\074}{section.3.3}% 41
\BOOKMARK [2][-]{subsection.3.3.2}{\376\377\116\044\116\052\217\205\122\251\123\330\221\317\166\204\176\277\140\047\217\321\117\074}{section.3.3}% 42
\BOOKMARK [2][-]{subsection.3.3.3}{\376\377\000r\000e\000s\000e\000t\000\040\000p\000r\000i\000c\000e\000\040\000i\000n\000f\000l\000a\000t\000i\000o\000n\166\204\176\277\140\047\217\321\117\074}{section.3.3}% 43
\BOOKMARK [2][-]{subsection.3.3.4}{\376\377\000P\000r\000i\000c\000e\000\040\000P\000h\000i\000l\000i\000p\000s\000\040\000C\000u\000r\000v\000e}{section.3.3}% 44
\BOOKMARK [1][-]{section.3.4}{\376\377\000W\000a\000g\000e\000\040\000P\000h\000i\000l\000i\000p\000s\000\040\000C\000u\000r\000v\000e}{chapter.3}% 45
\BOOKMARK [2][-]{subsection.3.4.1}{\376\377\172\063\133\232\162\266\140\001\166\204\143\317\217\360}{section.3.4}% 46
\BOOKMARK [2][-]{subsection.3.4.2}{\376\377\000w\000a\000g\000e\000\040\000i\000n\000f\000l\000a\000t\000i\000o\000n}{section.3.4}% 47
\BOOKMARK [2][-]{subsection.3.4.3}{\376\377\217\205\122\251\123\330\221\317}{section.3.4}% 48
\BOOKMARK [2][-]{subsection.3.4.4}{\376\377\122\263\122\250\122\233\117\233\136\224}{section.3.4}% 49
\BOOKMARK [2][-]{subsection.3.4.5}{\376\377\217\271\226\105\122\263\122\250\142\020\147\054}{section.3.4}% 50
\BOOKMARK [2][-]{subsection.3.4.6}{\376\377\000w\000a\000g\000e\000\040\000p\000r\000i\000c\000e\000\040\000i\000n\000f\000l\000a\000t\000i\000o\000n}{section.3.4}% 51
\BOOKMARK [2][-]{subsection.3.4.7}{\376\377\121\166\116\326\217\205\122\251\123\330\221\317}{section.3.4}% 52
\BOOKMARK [1][-]{section.3.5}{\376\377\153\324\217\203\116\044\147\141\000p\000h\000i\000l\000i\000p\000s\000\040\000c\000u\000r\000v\000e}{chapter.3}% 53
\BOOKMARK [0][-]{chapter*.15}{\376\377\000A\000p\000p\000e\000n\000d\000i\000c\000e\000s}{part.1}% 54
\BOOKMARK [1][-]{section.a.3.A}{\376\377\226\104\137\125\000\040\000s\000c\000a\000l\000e\000d\000\040\000v\000a\000r\000i\000a\000b\000l\000e\000s}{chapter*.15}% 55
\BOOKMARK [2][-]{subsection.a.3.A.1}{\376\377\121\340\116\052\154\241\121\231\133\214\166\204\213\364\146\016}{section.a.3.A}% 56
\BOOKMARK [1][-]{section.a.3.B}{\376\377\226\104\137\125\000\040\000F\000r\000i\000s\000c\000h\000\040\000e\000l\000a\000s\000t\000i\000c\000i\000t\000y\000\040\000o\000f\000\040\000l\000a\000b\000o\000r\000\040\000s\000u\000p\000p\000l\000y}{chapter*.15}% 57
\BOOKMARK [2][-]{subsection.a.3.B.1}{\376\377\133\232\116\111}{section.a.3.B}% 58
\BOOKMARK [2][-]{subsection.a.3.B.2}{\376\377\116\076\117\213}{section.a.3.B}% 59
\BOOKMARK [1][-]{section.a.3.C}{\376\377\226\104\137\125\000\040\214\003\202\202\142\020\147\054\166\204\136\070\211\301\213\276\133\232\137\142\137\017\123\312\153\324\217\203}{chapter*.15}% 60
\BOOKMARK [2][-]{subsection.a.3.C.1}{\376\377\133\266\136\255\220\350\225\350\117\030\123\026\147\141\116\366}{section.a.3.C}% 61
\BOOKMARK [2][-]{subsection.a.3.C.2}{\376\377\153\324\217\203\176\277\140\047\124\214\227\136\176\277\140\047\214\003\202\202\142\020\147\054}{section.a.3.C}% 62
\BOOKMARK [2][-]{subsection.a.3.C.3}{\376\377\153\324\217\203\142\225\215\104\214\003\202\202\142\020\147\054\124\214\215\104\147\054\214\003\202\202\142\020\147\054}{section.a.3.C}% 63
\BOOKMARK [0][-]{chapter.4}{\376\377\000N\000K\000-\000D\000S\000G\000E\152\041\127\213}{part.1}% 64
\BOOKMARK [1][-]{section.4.1}{\376\377\000I\000n\000t\000r\000d\000u\000c\000t\000i\000o\000n}{chapter.4}% 65
\BOOKMARK [2][-]{subsection.4.1.1}{\376\377\152\041\127\213\116\055\166\204\121\155\116\052\165\037\116\247\220\350\225\350}{section.4.1}% 66
\BOOKMARK [2][-]{subsection.4.1.2}{\376\377\121\340\160\271\213\364\146\016}{section.4.1}% 67
\BOOKMARK [1][-]{section.4.2}{\376\377\211\343\147\220\152\041\127\213}{chapter.4}% 68
\BOOKMARK [2][-]{subsection.4.2.1}{\376\377\122\263\122\250\142\177\123\005\220\350\225\350}{section.4.2}% 69
\BOOKMARK [2][-]{subsection.4.2.2}{\376\377\133\266\136\255\220\350\225\350}{section.4.2}% 70
\BOOKMARK [2][-]{subsection.4.2.3}{\376\377\147\000\176\310\116\247\124\301\165\037\116\247\220\350\225\350}{section.4.2}% 71
\BOOKMARK [2][-]{subsection.4.2.4}{\376\377\116\055\225\364\116\247\124\301\165\037\116\247\220\350\225\350}{section.4.2}% 72
\BOOKMARK [2][-]{subsection.4.2.5}{\376\377\145\077\136\234\220\350\225\350}{section.4.2}% 73
\BOOKMARK [2][-]{subsection.4.2.6}{\376\377\116\055\131\056\224\366\210\114}{section.4.2}% 74
\BOOKMARK [2][-]{subsection.4.2.7}{\376\377\140\073\221\317\134\102\227\142\166\204\127\107\210\141}{section.4.2}% 75
\BOOKMARK [2][-]{subsection.4.2.8}{\376\377\131\026\165\037\217\307\172\013}{section.4.2}% 76
\BOOKMARK [2][-]{subsection.4.2.9}{\376\377\127\107\210\141\147\141\116\366\166\204\133\214\145\164\211\343\226\306}{section.4.2}% 77
\BOOKMARK [2][-]{subsection.4.2.10}{\376\377\227\136\226\217\147\072\166\204\172\063\133\232\162\266\140\001}{section.4.2}% 78
\BOOKMARK [0][-]{chapter.5}{\376\377\000D\000S\000G\000E\000\040\000w\000i\000t\000h\000\040\000b\000a\000n\000k\000i\000n\000g}{part.1}% 79
\BOOKMARK [1][-]{section.5.1}{\376\377\000I\000n\000t\000r\000o\000d\000u\000c\000t\000i\000o\000n}{chapter.5}% 80
\BOOKMARK [1][-]{section.5.2}{\376\377\152\041\127\213\213\276\133\232}{chapter.5}% 81
\BOOKMARK [2][-]{subsection.5.2.1}{\376\377\133\266\136\255\123\312\165\037\116\247\220\350\225\350}{section.5.2}% 82
\BOOKMARK [2][-]{subsection.5.2.2}{\376\377\224\366\210\114\220\350\225\350}{section.5.2}% 83
\BOOKMARK [2][-]{subsection.5.2.3}{\376\377\145\077\136\234\000\050\116\055\131\056\224\366\210\114\000\051\220\350\225\350}{section.5.2}% 84
\BOOKMARK [2][-]{subsection.5.2.4}{\376\377\142\200\147\057\121\262\121\373}{section.5.2}% 85
\BOOKMARK [2][-]{subsection.5.2.5}{\376\377\133\236\226\105\155\210\215\071}{section.5.2}% 86
\BOOKMARK [1][-]{section.5.3}{\376\377\116\000\226\066\147\141\116\366}{chapter.5}% 87
\BOOKMARK [1][-]{section.5.4}{\376\377\127\107\210\141\147\141\116\366}{chapter.5}% 88
\BOOKMARK [1][-]{section.5.5}{\376\377\122\051\163\207}{chapter.5}% 89
\BOOKMARK [2][-]{subsection.5.5.1}{\376\377\215\104\116\247\136\002\127\072\127\372\121\306\122\051\163\207}{section.5.5}% 90
\BOOKMARK [2][-]{subsection.5.5.2}{\376\377\142\265\142\274\124\301\145\066\166\312\163\207}{section.5.5}% 91
\BOOKMARK [2][-]{subsection.5.5.3}{\376\377\224\366\210\114\225\364\142\306\120\037\122\051\163\207\377\010\145\340\142\265\142\274\377\011}{section.5.5}% 92
\BOOKMARK [2][-]{subsection.5.5.4}{\376\377\215\067\153\076\122\051\163\207\377\010\147\011\142\265\142\274\377\011}{section.5.5}% 93
\BOOKMARK [2][-]{subsection.5.5.5}{\376\377\133\130\153\076\122\051\163\207}{section.5.5}% 94
\BOOKMARK [2][-]{subsection.5.5.6}{\376\377\131\026\220\350\207\215\215\104\156\242\116\367}{section.5.5}% 95
\BOOKMARK [2][-]{subsection.5.5.7}{\376\377\142\265\142\274\124\301\145\066\166\312\163\207\116\016\131\026\220\350\207\215\215\104\156\242\116\367\166\204\121\163\200\124}{section.5.5}% 96
\BOOKMARK [1][-]{section.5.6}{\376\377\172\063\133\232\162\266\140\001}{chapter.5}% 97
\BOOKMARK [2][-]{subsection.5.6.1}{\376\377\150\070\137\303\172\063\140\001\174\373\176\337}{section.5.6}% 98
\BOOKMARK [2][-]{subsection.5.6.2}{\376\377\172\063\133\232\162\266\140\001\122\051\163\207}{section.5.6}% 99
\BOOKMARK [0][-]{chapter.6}{\376\377\000C\000a\000s\000h\000\040\000i\000n\000\040\000a\000d\000v\000a\000n\000c\000e}{part.1}% 100
\BOOKMARK [1][-]{section.6.1}{\376\377\133\266\136\255\220\350\225\350}{chapter.6}% 101
\BOOKMARK [1][-]{section.6.2}{\376\377\117\001\116\032\220\350\225\350}{chapter.6}% 102
\BOOKMARK [2][-]{subsection.6.2.1}{\376\377\165\037\116\247\211\304\152\041}{section.6.2}% 103
\BOOKMARK [2][-]{subsection.6.2.2}{\376\377\122\051\155\246\166\204\117\177\165\050}{section.6.2}% 104
\BOOKMARK [1][-]{section.6.3}{\376\377\224\366\210\114\220\350\225\350}{chapter.6}% 105
\BOOKMARK [1][-]{section.6.4}{\376\377\116\000\226\066\147\141\116\366}{chapter.6}% 106
\BOOKMARK [2][-]{subsection.6.4.1}{\376\377\133\266\136\255\220\350\225\350}{section.6.4}% 107
\BOOKMARK [2][-]{subsection.6.4.2}{\376\377\117\001\116\032\220\350\225\350}{section.6.4}% 108
\BOOKMARK [2][-]{subsection.6.4.3}{\376\377\224\366\210\114\220\350\225\350}{section.6.4}% 109
\BOOKMARK [2][-]{subsection.6.4.4}{\376\377\116\000\226\066\147\141\116\366\166\204\145\164\164\006}{section.6.4}% 110
\BOOKMARK [1][-]{section.6.5}{\376\377\136\002\127\072\127\107\210\141\123\312\220\350\225\350\147\000\117\030\210\114\116\072}{chapter.6}% 111
\BOOKMARK [2][-]{subsection.6.5.1}{\376\377\0004\116\052\136\002\127\072\127\107\210\141\147\141\116\366}{section.6.5}% 112
\BOOKMARK [2][-]{subsection.6.5.2}{\376\377\220\350\225\350\147\000\117\030\210\114\116\072}{section.6.5}% 113
\BOOKMARK [1][-]{section.6.6}{\376\377\131\026\165\037\121\262\121\373}{chapter.6}% 114
\BOOKMARK [1][-]{section.6.7}{\376\377\127\107\210\141\145\271\172\013\176\304}{chapter.6}% 115
\BOOKMARK [1][-]{section.6.8}{\376\377\123\273\215\213\122\277\166\204\127\107\210\141\162\266\140\001}{chapter.6}% 116
\BOOKMARK [-1][-]{part.2}{\376\377\173\054\116\214\220\350\122\006\000\040\152\041\127\213\154\102\211\343}{}% 117
\BOOKMARK [0][-]{chapter.7}{\376\377\000D\000S\000G\000E\152\041\127\213\154\102\211\343\145\271\154\325\173\200\213\272}{part.2}% 118
\BOOKMARK [1][-]{section.7.1}{\376\377\173\200\213\272\166\204\173\200\213\272}{chapter.7}% 119
\BOOKMARK [1][-]{section.7.2}{\376\377\000p\000r\000o\000s\000\040\000a\000n\000d\000\040\000c\000o\000n\000s}{chapter.7}% 120
\BOOKMARK [2][-]{subsection.7.2.1}{\376\377\000c\000o\000n\000s}{section.7.2}% 121
\BOOKMARK [2][-]{subsection.7.2.2}{\376\377\000p\000r\000o\000s}{section.7.2}% 122
\BOOKMARK [1][-]{section.7.3}{\376\377\135\345\117\134\155\101\172\013}{chapter.7}% 123
\BOOKMARK [1][-]{section.7.4}{\376\377\152\041\127\213\213\276\133\232}{chapter.7}% 124
\BOOKMARK [1][-]{section.7.5}{\376\377\154\102\211\343\145\271\154\325}{chapter.7}% 125
\BOOKMARK [2][-]{subsection.7.5.1}{\376\377\217\321\117\074\176\277\140\047\134\125\137\000}{section.7.5}% 126
\BOOKMARK [1][-]{section.7.6}{\376\377\154\102\211\343\176\277\140\047\226\217\147\072\135\356\122\006\145\271\172\013\174\373\176\337}{chapter.7}% 127
\BOOKMARK [0][-]{chapter.8}{\376\377\122\250\140\001\211\304\122\022}{part.2}% 128
\BOOKMARK [1][-]{section.8.1}{\376\377\123\005\176\334\133\232\164\006}{chapter.8}% 129
\BOOKMARK [1][-]{section.8.2}{\376\377\117\213\000:\124\003\206\313\174\325\000\050\166\364\143\245\154\102\211\343\154\325\000\051}{chapter.8}% 130
\BOOKMARK [1][-]{section.8.3}{\376\377\124\003\206\313\174\325\000\050\122\250\140\001\211\304\122\022\000\051}{chapter.8}% 131
\BOOKMARK [2][-]{subsection.8.3.1}{\376\377\147\011\226\120\145\366\225\364\153\265\166\204\122\250\140\001\211\304\122\022\225\356\230\230}{section.8.3}% 132
\BOOKMARK [2][-]{subsection.8.3.2}{\376\377\145\340\226\120\145\366\225\364\153\265\166\204\122\250\140\001\211\304\122\022\225\356\230\230}{section.8.3}% 133
\BOOKMARK [1][-]{section.8.4}{\376\377\226\217\147\072\225\356\230\230}{chapter.8}% 134
\BOOKMARK [1][-]{section.8.5}{\376\377\123\005\176\334\133\232\164\006\124\214\153\047\142\311\173\111\137\017\166\204\121\163\174\373}{chapter.8}% 135
\BOOKMARK [0][-]{chapter.9}{\376\377\176\277\140\047\116\214\153\041\147\000\117\030\143\247\122\066}{part.2}% 136
\BOOKMARK [1][-]{section.9.1}{\376\377\166\356\150\007\145\271\172\013\124\214\162\266\140\001\217\154\171\373\145\271\172\013}{chapter.9}% 137
\BOOKMARK [1][-]{section.9.2}{\376\377\116\367\120\074\145\271\172\013}{chapter.9}% 138
\BOOKMARK [2][-]{subsection.9.2.1}{\376\377\116\000\226\066\147\141\116\366}{section.9.2}% 139
\BOOKMARK [1][-]{section.9.3}{\376\377\145\077\173\126\145\271\172\013}{chapter.9}% 140
\BOOKMARK [2][-]{subsection.9.3.1}{\376\377\145\077\173\126\145\271\172\013\156\341\215\263\170\156\133\232\140\047\173\111\116\367\147\141\116\366}{section.9.3}% 141
\BOOKMARK [1][-]{section.9.4}{\376\377\176\277\140\047\145\077\173\126\145\271\172\013\124\214\116\214\153\041\116\367\120\074\145\271\172\013}{chapter.9}% 142
\BOOKMARK [2][-]{subsection.9.4.1}{\376\377\116\367\120\074\145\271\172\013\156\341\215\263\170\156\133\232\140\047\173\111\116\367\147\141\116\366}{section.9.4}% 143
\BOOKMARK [2][-]{subsection.9.4.2}{\376\377\116\343\145\160\167\351\226\065\000R\000i\000c\000c\000a\000t\000i\145\271\172\013}{section.9.4}% 144
\BOOKMARK [1][-]{section.9.5}{\376\377\145\160\120\074\145\271\154\325}{chapter.9}% 145
\BOOKMARK [1][-]{section.9.6}{\376\377\203\003\117\213}{chapter.9}% 146
\BOOKMARK [2][-]{subsection.9.6.1}{\376\377\147\000\117\030\176\277\140\047\116\214\153\041\143\247\122\066\225\356\230\230}{section.9.6}% 147
\BOOKMARK [2][-]{subsection.9.6.2}{\376\377\000M\000a\000t\000l\000a\000b\172\013\136\217}{section.9.6}% 148
\BOOKMARK [2][-]{subsection.9.6.3}{\376\377\000M\000a\000t\000l\000a\000b\172\013\136\217\217\223\121\372}{section.9.6}% 149
\BOOKMARK [0][-]{chapter.10}{\376\377\164\006\140\047\147\037\147\033\152\041\127\213}{part.2}% 150
\BOOKMARK [1][-]{section.10.1}{\376\377\173\200\116\313}{chapter.10}% 151
\BOOKMARK [1][-]{section.10.2}{\376\377\145\160\120\074\173\227\154\325}{chapter.10}% 152
\BOOKMARK [1][-]{section.10.3}{\376\377\116\000\116\052\173\200\123\125\166\204\226\217\147\072\130\236\225\177\152\041\127\213}{chapter.10}% 153
\BOOKMARK [2][-]{subsection.10.3.1}{\376\377\172\063\133\232\162\266\140\001}{section.10.3}% 154
\BOOKMARK [2][-]{subsection.10.3.2}{\376\377\133\371\145\160\176\277\140\047\123\026}{section.10.3}% 155
\BOOKMARK [2][-]{subsection.10.3.3}{\376\377\162\266\140\001\040\024\040\024\172\172\225\364\210\150\163\260\137\142\137\017}{section.10.3}% 156
\BOOKMARK [1][-]{section.10.4}{\376\377\162\171\137\201\120\074\040\024\040\024\162\171\137\201\145\271\172\013\122\006\211\343\154\325}{chapter.10}% 157
\BOOKMARK [2][-]{subsection.10.4.1}{\376\377\162\171\137\201\120\074\040\024\040\024\162\171\137\201\145\271\172\013\122\006\211\343\154\325}{section.10.4}% 158
\BOOKMARK [2][-]{subsection.10.4.2}{\376\377\211\343\166\204\133\130\127\050\140\047\116\345\123\312\125\057\116\000\140\047}{section.10.4}% 159
\BOOKMARK [2][-]{subsection.10.4.3}{\376\377\136\224\165\050\000B\000l\000a\000n\000c\000h\000a\000r\000d\000-\000K\000a\000h\000n\173\227\154\325\133\236\117\213}{section.10.4}% 160
\BOOKMARK [1][-]{section.10.5}{\376\377\147\052\133\232\174\373\145\160\154\325}{chapter.10}% 161
\BOOKMARK [2][-]{subsection.10.5.1}{\376\377\152\041\127\213\203\003\117\213}{section.10.5}% 162
\BOOKMARK [2][-]{subsection.10.5.2}{\376\377\147\052\133\232\174\373\145\160\154\325\154\102\211\343}{section.10.5}% 163
\BOOKMARK [2][-]{subsection.10.5.3}{\376\377\154\102\211\343\174\373\145\160\167\351\226\065\000A\000,\000\040\000B}{section.10.5}% 164
\BOOKMARK [2][-]{subsection.10.5.4}{\376\377\133\130\127\050\140\047\123\312\125\057\116\000\140\047\166\204\143\242\213\250}{section.10.5}% 165
\BOOKMARK [1][-]{section.10.6}{\376\377\147\037\147\033\213\357\135\356\154\325}{chapter.10}% 166
\BOOKMARK [2][-]{subsection.10.6.1}{\376\377\152\041\127\213\203\003\117\213}{section.10.6}% 167
\BOOKMARK [2][-]{subsection.10.6.2}{\376\377\147\037\147\033\213\357\135\356\154\325\154\102\211\343}{section.10.6}% 168
\BOOKMARK [2][-]{subsection.10.6.3}{\376\377\133\130\127\050\140\047\123\312\125\057\116\000\140\047\166\204\143\242\213\250}{section.10.6}% 169
\BOOKMARK [1][-]{section.10.7}{\376\377\123\302\145\160\123\026\147\037\147\033\154\325}{chapter.10}% 170
\BOOKMARK [2][-]{subsection.10.7.1}{\376\377\123\302\145\160\123\026\147\037\147\033\154\325\171\072\117\213}{section.10.7}% 171
\BOOKMARK [1][-]{section.10.8}{\376\377\000S\000c\000h\000u\000r\122\006\211\343\154\325}{chapter.10}% 172
\BOOKMARK [2][-]{subsection.10.8.1}{\376\377\000S\000c\000h\000u\000r\122\006\211\343\166\204\133\232\116\111}{section.10.8}% 173
\BOOKMARK [2][-]{subsection.10.8.2}{\376\377\162\006\160\270\122\006\127\127\167\351\226\065\166\204\211\343}{section.10.8}% 174
\BOOKMARK [2][-]{subsection.10.8.3}{\376\377\172\063\133\232\122\006\127\127\167\351\226\065\166\204\211\343}{section.10.8}% 175
\BOOKMARK [2][-]{subsection.10.8.4}{\376\377\123\237\176\317\155\116\174\373\176\337\166\204\211\343}{section.10.8}% 176
\BOOKMARK [0][-]{chapter.11}{\376\377\142\160\122\250\154\325}{part.2}% 177
\BOOKMARK [1][-]{section.11.1}{\376\377\142\160\122\250\154\325\173\200\116\313}{chapter.11}% 178
\BOOKMARK [1][-]{section.11.2}{\376\377\122\006\147\220\150\106\147\266}{chapter.11}% 179
\BOOKMARK [1][-]{section.11.3}{\376\377\154\102\211\343\145\271\154\325}{chapter.11}% 180
\BOOKMARK [2][-]{subsection.11.3.1}{\376\377\162\266\140\001\040\024\040\024\172\172\225\364\137\142\137\017}{section.11.3}% 181
\BOOKMARK [2][-]{subsection.11.3.2}{\376\377\172\063\133\232\162\266\140\001}{section.11.3}% 182
\BOOKMARK [2][-]{subsection.11.3.3}{\376\377\131\026\165\037\226\217\147\072\217\307\172\013}{section.11.3}% 183
\BOOKMARK [2][-]{subsection.11.3.4}{\376\377\213\276\140\363\211\343}{section.11.3}% 184
\BOOKMARK [2][-]{subsection.11.3.5}{\376\377\116\000\226\066\142\160\122\250}{section.11.3}% 185
\BOOKMARK [2][-]{subsection.11.3.6}{\376\377\116\214\226\066\142\160\122\250}{section.11.3}% 186
\BOOKMARK [2][-]{subsection.11.3.7}{\376\377\146\364\232\330\226\066\142\160\122\250}{section.11.3}% 187
\BOOKMARK [2][-]{subsection.11.3.8}{\376\377\117\213}{section.11.3}% 188
\BOOKMARK [1][-]{section.11.4}{\376\377\122\152\147\235\173\227\154\325}{chapter.11}% 189
\BOOKMARK [1][-]{section.11.5}{\376\377\123\330\221\317\166\204\123\330\143\142}{chapter.11}% 190
\BOOKMARK [2][-]{subsection.11.5.1}{\376\377\117\213\0001}{section.11.5}% 191
\BOOKMARK [2][-]{subsection.11.5.2}{\376\377\117\213\0002}{section.11.5}% 192
\BOOKMARK [2][-]{subsection.11.5.3}{\376\377\147\000\117\030\123\330\221\317\123\330\143\142\377\032\123\302\145\160\166\204\220\011\123\326}{section.11.5}% 193
\BOOKMARK [2][-]{subsection.11.5.4}{\376\377\133\371\145\160\176\277\140\047\123\026\124\214\133\371\145\160\153\143\140\001\176\277\140\047\123\026}{section.11.5}% 194
\BOOKMARK [1][-]{section.11.6}{\376\377\116\367\120\074\145\271\172\013\217\355\116\343\116\055\166\204\142\160\122\250\154\325}{chapter.11}% 195
\BOOKMARK [0][-]{chapter*.110}{\376\377\000A\000p\000p\000e\000n\000d\000i\000c\000e\000s}{part.2}% 196
\BOOKMARK [1][-]{section.b.11.A}{\376\377\226\104\137\125\000\040\000S\000c\000h\000u\000r\210\145\124\214\133\371\171\360\153\143\000\050\123\112\000\051\133\232\167\351\226\065}{chapter*.110}% 197
\BOOKMARK [2][-]{subsection.b.11.A.1}{\376\377\000S\000c\000h\000u\000r\210\145}{section.b.11.A}% 198
\BOOKMARK [2][-]{subsection.b.11.A.2}{\376\377\122\051\165\050\000S\000c\000h\000u\000r\122\006\211\343\154\325\122\044\145\255\123\357\220\006\153\143\133\232\167\351\226\065}{section.b.11.A}% 199
\BOOKMARK [2][-]{subsection.b.11.A.3}{\376\377\122\051\165\050\000S\000c\000h\000u\000r\122\006\211\343\154\325\122\044\145\255\123\357\220\006\153\143\123\112\133\232\167\351\226\065}{section.b.11.A}% 200
\BOOKMARK [1][-]{section.b.11.B}{\376\377\226\104\137\125\000\040\117\052\220\006\167\351\226\065}{chapter*.110}% 201
\BOOKMARK [2][-]{subsection.b.11.B.1}{\376\377\165\050\000S\000V\000D\154\325\120\132\117\052\220\006\167\351\226\065\122\006\211\343}{section.b.11.B}% 202
\BOOKMARK [2][-]{subsection.b.11.B.2}{\376\377\165\050\000S\000V\000D\154\325\120\132\000\040\000M\000\040\166\204\167\351\226\065\122\006\211\343}{section.b.11.B}% 203
\BOOKMARK [0][-]{chapter.12}{\376\377\146\040\134\004\154\325}{part.2}% 204
\BOOKMARK [1][-]{section.12.1}{\376\377\173\200\116\313}{chapter.12}% 205
\BOOKMARK [2][-]{subsection.12.1.1}{\376\377\117\213}{section.12.1}% 206
\BOOKMARK [1][-]{section.12.2}{\376\377\121\150\134\100\127\372\166\204\220\011\123\326\040\024\040\024\123\125\176\364\127\372\121\111\214\061\154\325}{chapter.12}% 207
\BOOKMARK [2][-]{subsection.12.2.1}{\376\377\123\125\230\171\137\017}{section.12.2}% 208
\BOOKMARK [2][-]{subsection.12.2.2}{\376\377\116\011\211\322\136\217\122\027}{section.12.2}% 209
\BOOKMARK [2][-]{subsection.12.2.3}{\376\377\226\305\124\004\153\324\131\032\230\171\137\017}{section.12.2}% 210
\BOOKMARK [2][-]{subsection.12.2.4}{\376\377\122\007\153\324\226\352\131\053\131\032\230\171\137\017}{section.12.2}% 211
\BOOKMARK [1][-]{section.12.3}{\376\377\134\100\220\350\127\372\166\204\220\011\123\326\000\050\0001\000\051}{chapter.12}% 212
\BOOKMARK [2][-]{subsection.12.3.1}{\376\377\171\273\145\143\162\266\140\001\123\330\221\317}{section.12.3}% 213
\BOOKMARK [2][-]{subsection.12.3.2}{\376\377\137\040\221\317\116\016\133\214\121\150\131\032\230\171\137\017}{section.12.3}% 214
\BOOKMARK [1][-]{section.12.4}{\376\377\134\100\220\350\127\372\166\204\220\011\123\326\000\050\0002\000\051\377\032\147\011\226\120\121\103\154\325}{chapter.12}% 215
\BOOKMARK [1][-]{section.12.5}{\376\377\166\356\150\007\145\271\172\013\166\204\220\011\123\326}{chapter.12}% 216
\BOOKMARK [2][-]{subsection.12.5.1}{\376\377\147\000\134\017\145\271\135\356}{section.12.5}% 217
\BOOKMARK [2][-]{subsection.12.5.2}{\376\377\133\120\127\337}{section.12.5}% 218
\BOOKMARK [2][-]{subsection.12.5.3}{\376\377\221\115\160\271}{section.12.5}% 219
\BOOKMARK [2][-]{subsection.12.5.4}{\376\377\117\075\217\275\221\321\154\325\142\026\164\136\122\051\040\024\040\024\221\314\121\171\154\325}{section.12.5}% 220
\BOOKMARK [0][-]{chapter*.129}{\376\377\000A\000p\000p\000e\000n\000d\000i\000c\000e\000s}{part.2}% 221
\BOOKMARK [1][-]{section.c.12.A}{\376\377\226\104\137\125\000\040\215\205\121\340\117\125\145\271\172\013}{chapter*.129}% 222
\BOOKMARK [1][-]{section.c.12.B}{\376\377\226\104\137\125\000\040\131\032\230\171\137\017}{chapter*.129}% 223
\BOOKMARK [2][-]{subsection.c.12.B.1}{\376\377\153\143\116\244\226\306}{section.c.12.B}% 224
\BOOKMARK [2][-]{subsection.c.12.B.2}{\376\377\153\143\116\244\131\032\230\171\137\017}{section.c.12.B}% 225
\BOOKMARK [2][-]{subsection.c.12.B.3}{\376\377\220\022\143\250\121\163\174\373}{section.c.12.B}% 226
\BOOKMARK [2][-]{subsection.c.12.B.4}{\376\377\226\305\124\004\153\324\167\351\226\065\124\214\121\113\221\314\145\257\142\130\215\071\134\024\040\024\040\024\217\276\136\003\121\163\174\373}{section.c.12.B}% 227
\BOOKMARK [2][-]{subsection.c.12.B.5}{\376\377\153\143\116\244\131\032\230\171\137\017\166\204\150\071}{section.c.12.B}% 228
\BOOKMARK [2][-]{subsection.c.12.B.6}{\376\377\232\330\145\257\154\102\171\357}{section.c.12.B}% 229
\BOOKMARK [1][-]{section.c.12.C}{\376\377\226\104\137\125\000\040\136\070\211\301\166\204\153\143\116\244\131\032\230\171\137\017\174\173\127\213}{chapter*.129}% 230
\BOOKMARK [2][-]{subsection.c.12.C.1}{\376\377\127\303\174\163\162\171\131\032\230\171\137\017}{section.c.12.C}% 231
\BOOKMARK [2][-]{subsection.c.12.C.2}{\376\377\142\311\166\326\134\024\131\032\230\171\137\017}{section.c.12.C}% 232
\BOOKMARK [2][-]{subsection.c.12.C.3}{\376\377\226\305\124\004\153\324\131\032\230\171\137\017}{section.c.12.C}% 233
\BOOKMARK [2][-]{subsection.c.12.C.4}{\376\377\122\322\213\251\137\267\131\032\230\171\137\017}{section.c.12.C}% 234
\BOOKMARK [2][-]{subsection.c.12.C.5}{\376\377\122\007\153\324\226\352\131\053\131\032\230\171\137\017}{section.c.12.C}% 235
\BOOKMARK [1][-]{section.c.12.D}{\376\377\226\104\137\125\000\040\000A\000R\000\050\0001\000\051\217\307\172\013\166\204\171\273\145\143\145\271\154\325}{chapter*.129}% 236
\BOOKMARK [2][-]{subsection.c.12.D.1}{\376\377\000T\000a\000u\000c\000h\000e\000n\000\050\0001\0009\0008\0006\000\051\154\325}{section.c.12.D}% 237
\BOOKMARK [2][-]{subsection.c.12.D.2}{\376\377\000T\000a\000u\000c\000h\000e\000n\000\040\000a\000n\000d\000\040\000H\000u\000s\000s\000e\000y\000\040\000\050\0001\0009\0009\0001\000\051\154\325}{section.c.12.D}% 238
\BOOKMARK [2][-]{subsection.c.12.D.3}{\376\377\000R\000o\000u\000w\000e\000n\000h\000o\000r\000s\000t\000\050\0001\0009\0009\0005\000\051\154\325}{section.c.12.D}% 239
\BOOKMARK [1][-]{section.c.12.E}{\376\377\226\104\137\125\000\040\117\075\217\275\221\321\217\321\117\074}{chapter*.129}% 240
\BOOKMARK [2][-]{subsection.c.12.E.1}{\376\377\116\076\117\213\377\032\0001\176\364\172\172\225\364\116\055\166\204\117\075\217\275\221\321\217\321\117\074}{section.c.12.E}% 241
\BOOKMARK [2][-]{subsection.c.12.E.2}{\376\377\117\075\217\275\221\321\217\321\117\074}{section.c.12.E}% 242
\BOOKMARK [2][-]{subsection.c.12.E.3}{\376\377\137\072\122\066\127\213\145\271\172\013\137\142\137\017\166\204\117\075\217\275\221\321\217\321\117\074\145\066\145\133}{section.c.12.E}% 243
\BOOKMARK [2][-]{subsection.c.12.E.4}{\376\377\116\305\156\341\215\263\116\012\147\201\226\120\040\024\040\024\116\013\147\201\226\120\121\163\174\373\145\271\172\013\137\142\137\017\166\204\117\075\217\275\221\321\217\321\117\074\145\066\145\133}{section.c.12.E}% 244
\BOOKMARK [1][-]{section.c.12.F}{\376\377\226\104\137\125\000\040\145\160\120\074\154\102\171\357}{chapter*.129}% 245
\BOOKMARK [2][-]{subsection.c.12.F.1}{\376\377\162\133\230\177\040\024\040\024\133\307\162\171\145\257\154\325\122\031}{section.c.12.F}% 246
\BOOKMARK [2][-]{subsection.c.12.F.2}{\376\377\121\340\116\052\134\017\142\200\135\347}{section.c.12.F}% 247
\BOOKMARK [2][-]{subsection.c.12.F.3}{\376\377\154\102\171\357\116\055\166\204\123\357\171\357\131\107\137\002\160\271\225\356\230\230}{section.c.12.F}% 248
\BOOKMARK [2][-]{subsection.c.12.F.4}{\376\377\121\113\117\046\200\226\040\024\040\024\147\357\204\202\145\257\154\325\122\031}{section.c.12.F}% 249
\BOOKMARK [1][-]{section.c.12.G}{\376\377\226\104\137\125\000\040\120\205\221\314\123\366\122\006\147\220}{chapter*.129}% 250
\BOOKMARK [2][-]{subsection.c.12.G.1}{\376\377\120\205\221\314\123\366\123\330\143\142}{section.c.12.G}% 251
\BOOKMARK [0][-]{chapter.13}{\376\377\147\011\165\114\121\103\154\325\124\214\147\011\226\120\121\103\154\325}{part.2}% 252
\BOOKMARK [1][-]{section.13.1}{\376\377\217\271\165\114\120\074\225\356\230\230\377\032\117\115\122\277\145\271\172\013}{chapter.13}% 253
\BOOKMARK [2][-]{subsection.13.1.1}{\376\377\120\117\137\256\122\006\173\227\133\120\123\312\151\055\127\006\217\271\165\114\120\074\225\356\230\230}{section.13.1}% 254
\BOOKMARK [2][-]{subsection.13.1.2}{\376\377\217\271\165\114\147\141\116\366}{section.13.1}% 255
\BOOKMARK [2][-]{subsection.13.1.3}{\376\377\213\372\117\235\146\374\217\271\165\114\120\074\225\356\230\230}{section.13.1}% 256
\BOOKMARK [1][-]{section.13.2}{\376\377\145\271\172\013\172\172\225\364}{chapter.13}% 257
\BOOKMARK [2][-]{subsection.13.2.1}{\376\377\000C\000K\172\172\225\364}{section.13.2}% 258
\BOOKMARK [2][-]{subsection.13.2.2}{\376\377\122\322\215\035\150\074\000\050\000L\000P\000\051\172\172\225\364}{section.13.2}% 259
\BOOKMARK [2][-]{subsection.13.2.3}{\376\377\136\014\134\024\117\057\162\171\000\050\000H\000\051\172\172\225\364}{section.13.2}% 260
\BOOKMARK [2][-]{subsection.13.2.4}{\376\377\175\042\117\057\122\027\131\053\000\050\000W\000\051\172\172\225\364}{section.13.2}% 261
\BOOKMARK [1][-]{section.13.3}{\376\377\123\330\122\006\154\325}{chapter.13}% 262
\BOOKMARK [2][-]{subsection.13.3.1}{\376\377\173\227\133\120\145\271\172\013}{section.13.3}% 263
\BOOKMARK [2][-]{subsection.13.3.2}{\376\377\151\055\127\006\173\227\133\120}{section.13.3}% 264
\BOOKMARK [2][-]{subsection.13.3.3}{\376\377\173\227\133\120\116\016\172\063\133\232\140\047\147\141\116\366}{section.13.3}% 265
\BOOKMARK [2][-]{subsection.13.3.4}{\376\377\124\053\147\011\226\120\122\066\147\141\116\366\166\204\173\227\133\120\145\271\172\013}{section.13.3}% 266
\BOOKMARK [2][-]{subsection.13.3.5}{\376\377\155\367\124\010\173\227\133\120\145\271\172\013\000\050\227\215\160\271\123\330\122\006\225\356\230\230\000\051}{section.13.3}% 267
\BOOKMARK [2][-]{subsection.13.3.6}{\376\377\137\072\122\066\173\227\133\120\145\271\172\013}{section.13.3}% 268
\BOOKMARK [1][-]{section.13.4}{\376\377\123\330\122\006\154\325\154\102\211\343\217\271\165\114\120\074\225\356\230\230}{chapter.13}% 269
\BOOKMARK [2][-]{subsection.13.4.1}{\376\377\117\115\122\277\145\271\172\013\127\372\147\054\116\313\176\315}{section.13.4}% 270
\BOOKMARK [2][-]{subsection.13.4.2}{\376\377\162\304\122\051\121\113\226\367\217\271\165\114\120\074\225\356\230\230\0001}{section.13.4}% 271
\BOOKMARK [2][-]{subsection.13.4.3}{\376\377\162\304\122\051\121\113\226\367\217\271\165\114\120\074\225\356\230\230\0002}{section.13.4}% 272
\BOOKMARK [2][-]{subsection.13.4.4}{\376\377\213\372\117\235\146\374\217\271\165\114\120\074\225\356\230\230}{section.13.4}% 273
\BOOKMARK [2][-]{subsection.13.4.5}{\376\377\155\367\124\010\217\271\165\114\120\074\225\356\230\230}{section.13.4}% 274
\BOOKMARK [2][-]{subsection.13.4.6}{\376\377\177\127\133\276\217\271\165\114\120\074\225\356\230\230}{section.13.4}% 275
\BOOKMARK [1][-]{section.13.5}{\376\377\142\311\146\156\142\311\145\257\173\227\133\120\166\204\127\372\147\054\211\343}{chapter.13}% 276
\BOOKMARK [2][-]{subsection.13.5.1}{\376\377\127\372\147\054\211\343}{section.13.5}% 277
\BOOKMARK [2][-]{subsection.13.5.2}{\376\377\142\311\146\156\142\311\145\257\173\227\133\120}{section.13.5}% 278
\BOOKMARK [2][-]{subsection.13.5.3}{\376\377\116\011\176\364\172\172\225\364\166\204\127\372\147\054\211\343}{section.13.5}% 279
\BOOKMARK [2][-]{subsection.13.5.4}{\376\377\116\214\176\364\172\172\225\364\166\204\127\372\147\054\211\343}{section.13.5}% 280
\BOOKMARK [2][-]{subsection.13.5.5}{\376\377\127\372\147\054\211\343\140\073\176\323}{section.13.5}% 281
\BOOKMARK [1][-]{section.13.6}{\376\377\217\271\165\114\171\357\122\006\173\227\133\120}{chapter.13}% 282
\BOOKMARK [2][-]{subsection.13.6.1}{\376\377\162\133\230\177\117\115\122\277}{section.13.6}% 283
\BOOKMARK [2][-]{subsection.13.6.2}{\376\377\123\125\134\102\117\115\122\277}{section.13.6}% 284
\BOOKMARK [2][-]{subsection.13.6.3}{\376\377\117\064\226\217\123\314\134\102\117\115\122\277}{section.13.6}% 285
\BOOKMARK [2][-]{subsection.13.6.4}{\376\377\123\314\134\102\117\115\122\277}{section.13.6}% 286
\BOOKMARK [2][-]{subsection.13.6.5}{\376\377\215\205\131\107\137\002\217\271\165\114\171\357\122\006\173\227\133\120}{section.13.6}% 287
\BOOKMARK [2][-]{subsection.13.6.6}{\376\377\217\271\165\114\171\357\122\006\173\227\133\120\116\113\225\364\166\204\121\163\174\373}{section.13.6}% 288
\BOOKMARK [2][-]{subsection.13.6.7}{\376\377\123\125\134\102\117\115\122\277\173\227\133\120\166\204\151\055\127\006\140\047\124\214\123\357\220\006\140\047}{section.13.6}% 289
\BOOKMARK [2][-]{subsection.13.6.8}{\376\377\215\205\131\107\137\002\217\271\165\114\171\357\122\006\173\227\133\120\166\204\151\055\127\006\140\047}{section.13.6}% 290
\BOOKMARK [2][-]{subsection.13.6.9}{\376\377\000S\000t\000e\000k\000l\000o\000v\000-\000P\000o\000i\000n\000c\000a\000r\000\351\173\227\133\120}{section.13.6}% 291
\BOOKMARK [2][-]{subsection.13.6.10}{\376\377\123\314\134\102\117\115\122\277\166\204\145\066\177\051\134\136\140\047}{section.13.6}% 292
\BOOKMARK [2][-]{subsection.13.6.11}{\376\377\217\271\165\114\171\357\122\006\173\227\133\120\166\204\146\040\134\004\162\171\140\047}{section.13.6}% 293
\BOOKMARK [1][-]{section.13.7}{\376\377\217\271\165\114\171\357\122\006\145\271\172\013}{chapter.13}% 294
\BOOKMARK [2][-]{subsection.13.7.1}{\376\377\162\304\122\051\121\113\226\367\217\271\165\114\120\074\225\356\230\230}{section.13.7}% 295
\BOOKMARK [2][-]{subsection.13.7.2}{\376\377\213\372\117\235\146\374\217\271\165\114\120\074\225\356\230\230}{section.13.7}% 296
\BOOKMARK [2][-]{subsection.13.7.3}{\376\377\155\367\124\010\217\271\165\114\120\074\225\356\230\230}{section.13.7}% 297
\BOOKMARK [2][-]{subsection.13.7.4}{\376\377\177\127\133\276\217\271\165\114\120\074\225\356\230\230}{section.13.7}% 298
\BOOKMARK [1][-]{section.13.8}{\376\377\217\321\117\074\145\271\154\325}{chapter.13}% 299
\BOOKMARK [2][-]{subsection.13.8.1}{\376\377\117\075\217\275\221\321\040\024\040\024\136\003\123\132\213\372\131\053\154\325}{section.13.8}% 300
\BOOKMARK [2][-]{subsection.13.8.2}{\376\377\176\277\140\047\137\142\217\321\117\074}{section.13.8}% 301
\BOOKMARK [2][-]{subsection.13.8.3}{\376\377\173\227\133\120\166\204\217\321\117\074}{section.13.8}% 302
\BOOKMARK [2][-]{subsection.13.8.4}{\376\377\117\075\217\275\221\321\040\024\040\024\117\151\162\171\155\033\131\053\154\325}{section.13.8}% 303
\BOOKMARK [2][-]{subsection.13.8.5}{\376\377\155\367\124\010\217\271\165\114\120\074\225\356\230\230}{section.13.8}% 304
\BOOKMARK [2][-]{subsection.13.8.6}{\376\377\137\072\122\066\173\227\133\120}{section.13.8}% 305
\BOOKMARK [1][-]{section.13.9}{\376\377\147\011\226\120\121\103}{chapter.13}% 306
\BOOKMARK [2][-]{subsection.13.9.1}{\376\377\123\302\200\003\121\103}{section.13.9}% 307
\BOOKMARK [2][-]{subsection.13.9.2}{\376\377\137\142\137\017\145\271\172\013}{section.13.9}% 308
\BOOKMARK [2][-]{subsection.13.9.3}{\376\377\150\300\155\113\172\172\225\364}{section.13.9}% 309
\BOOKMARK [-1][-]{part.3}{\376\377\173\054\116\011\220\350\122\006\000\040\152\041\127\213\117\060\213\241}{}% 310
\BOOKMARK [-1][-]{part.4}{\376\377\173\054\126\333\220\350\122\006\000\040\137\205\122\006\174\173}{}% 311
\BOOKMARK [0][-]{chapter.14}{\376\377\147\000\131\047\117\074\161\066\117\060\213\241}{part.4}% 312
\BOOKMARK [1][-]{section.14.1}{\376\377\173\200\116\313}{chapter.14}% 313
\BOOKMARK [1][-]{section.14.2}{\376\377\217\321\117\074\166\204\155\113\136\246}{chapter.14}% 314
\BOOKMARK [2][-]{subsection.14.2.1}{\376\377\117\060\213\241\166\204\120\117\213\357\377\032\150\007\221\317\123\302\145\160}{section.14.2}% 315
\BOOKMARK [2][-]{subsection.14.2.2}{\376\377\117\060\213\241\166\204\120\117\213\357\377\032\124\021\221\317\123\302\145\160}{section.14.2}% 316
\BOOKMARK [1][-]{section.14.3}{\376\377\215\071\226\352\117\341\140\157\167\351\226\065\124\214\121\113\142\311\177\216\177\127\116\013\165\114}{chapter.14}% 317
\BOOKMARK [2][-]{subsection.14.3.1}{\376\377\150\007\221\317\123\302\145\160}{section.14.3}% 318
\BOOKMARK [2][-]{subsection.14.3.2}{\376\377\124\021\221\317\123\302\145\160}{section.14.3}% 319
\BOOKMARK [1][-]{section.14.4}{\376\377\147\000\131\047\117\074\161\066\117\060\213\241}{chapter.14}% 320
\BOOKMARK [2][-]{subsection.14.4.1}{\376\377\147\000\131\047\117\074\161\066\117\060\213\241\377\032\000t\000o\000\040\000b\000e\000\040\000o\000r\000\040\000n\000o\000t\000\040\000t\000o\000\040\000b\000e\000?}{section.14.4}% 321
\BOOKMARK [1][-]{section.14.5}{\376\377\117\057\122\252\122\051\133\236\232\214\377\032\147\000\131\047\117\074\161\066\117\060\213\241\154\325}{chapter.14}% 322
\BOOKMARK [1][-]{section.14.6}{\376\377\117\057\122\252\122\051\133\236\232\214\377\032\147\000\131\047\117\074\161\066\117\060\213\241\166\204\000P\000y\000t\000h\000o\000n\172\013\136\217\133\236\163\260}{chapter.14}% 323
\BOOKMARK [2][-]{subsection.14.6.1}{\376\377\152\041\127\213\147\204\136\372}{section.14.6}% 324
\BOOKMARK [2][-]{subsection.14.6.2}{\376\377\117\074\161\066\145\271\172\013}{section.14.6}% 325
\BOOKMARK [2][-]{subsection.14.6.3}{\376\377\147\000\131\047\117\074\161\066\117\060\213\241\377\032\211\343\147\220\154\325}{section.14.6}% 326
\BOOKMARK [2][-]{subsection.14.6.4}{\376\377\147\000\131\047\117\074\161\066\117\060\213\241\377\032\145\160\120\074\154\325}{section.14.6}% 327
\BOOKMARK [2][-]{subsection.14.6.5}{\376\377\145\340\176\246\147\137\123\302\145\160\000g\000\050\000\134\000v\000a\000r\000p\000h\000i\000\051\147\204\142\020\166\204\152\041\127\213\174\373\176\337}{section.14.6}% 328
\BOOKMARK [0][-]{chapter.15}{\376\377\135\345\117\134\213\272\145\207}{part.4}% 329
\BOOKMARK [1][-]{section.15.1}{\376\377\225\356\230\230\166\204\143\320\121\372}{chapter.15}% 330
\BOOKMARK [2][-]{subsection.15.1.1}{\376\377\170\024\172\166\166\356\150\007}{section.15.1}% 331
\BOOKMARK [2][-]{subsection.15.1.2}{\376\377\152\041\127\213\213\276\133\232}{section.15.1}% 332
\BOOKMARK [1][-]{section.15.2}{\376\377\130\203\121\205\221\321\207\215\116\055\116\313\220\350\225\350}{chapter.15}% 333
\BOOKMARK [-1][-]{part.5}{\376\377\173\054\116\224\220\350\122\006\000\040\226\104\137\125}{}% 334
\BOOKMARK [0][-]{附录.d.A}{\376\377\226\104\137\125\000\040\000P\000o\000s\000t\000-\000K\000e\000y\000n\000e\000s\000i\000a\000n\000\040\000E\000c\000o\000n\000o\000m\000i\000c\000s\166\204\116\000\116\052\134\017\176\374\217\360}{part.5}% 335
\BOOKMARK [1][-]{section.d.A.1}{\376\377\000I\000n\000t\000r\000o\000d\000u\000c\000t\000i\000o\000n}{附录.d.A}% 336
\BOOKMARK [1][-]{section.d.A.2}{\376\377\000P\000K\166\204\116\073\211\201\145\271\154\325\213\272}{附录.d.A}% 337
\BOOKMARK [1][-]{section.d.A.3}{\376\377\000P\000K\116\013\166\204\136\002\127\072\176\323\147\204\116\016\133\232\116\367}{附录.d.A}% 338
\BOOKMARK [2][-]{subsection.d.A.3.1}{\376\377\000P\000K\116\013\166\204\136\002\127\072\176\323\147\204}{section.d.A.3}% 339
\BOOKMARK [2][-]{subsection.d.A.3.2}{\376\377\000P\000K\116\013\166\204\133\232\116\367\173\126\165\145}{section.d.A.3}% 340
\BOOKMARK [1][-]{section.d.A.4}{\376\377\000P\000K\116\013\166\204\133\217\211\302\176\317\155\116}{附录.d.A}% 341
\BOOKMARK [1][-]{section.d.A.5}{\376\377\000P\000K\211\306\221\316\116\013\166\204\176\317\155\116\145\077\173\126}{附录.d.A}% 342
\BOOKMARK [0][-]{附录.d.B}{\376\377\226\104\137\125\000\040\000K\000e\000y\000n\000e\000s\000i\000a\000n\000,\000\040\000N\000e\000w\000\040\000K\000e\000y\000n\000e\000s\000i\000a\000n\000\040\000a\000n\000d\000\040\000N\000e\000w\000\040\000C\000l\000a\000s\000s\000i\000c\000a\000l\000\040\000E\000c\000o\000n\000o\000m\000i\000c\000s}{part.5}% 343
\BOOKMARK [1][-]{section.d.B.1}{\376\377\000K\000e\000y\000n\000e\000s\000i\000a\000n\166\204\126\333\116\052\150\070\137\303}{附录.d.B}% 344
\BOOKMARK [2][-]{subsection.d.B.1.1}{\376\377\131\061\116\032\116\016\147\011\145\110\135\345\215\104\164\006\213\272}{section.d.B.1}% 345
\BOOKMARK [2][-]{subsection.d.B.1.2}{\376\377\116\367\150\074\123\330\123\026\116\016\176\317\155\116\154\342\122\250}{section.d.B.1}% 346
\BOOKMARK [2][-]{subsection.d.B.1.3}{\376\377\120\250\204\304\116\016\142\225\215\104\377\014\117\341\215\067\221\115\176\331}{section.d.B.1}% 347
\BOOKMARK [2][-]{subsection.d.B.1.4}{\376\377\117\233\136\224\116\016\142\200\147\057\217\333\153\145}{section.d.B.1}% 348
\BOOKMARK [1][-]{section.d.B.2}{\376\377\000N\000e\000w\000\040\000K\000e\000y\000n\000e\000s\000i\000a\000n\176\317\155\116\133\146\166\204\126\333\116\052\150\070\137\303}{附录.d.B}% 349
\BOOKMARK [2][-]{subsection.d.B.2.1}{\376\377\147\011\145\110\135\345\215\104}{section.d.B.2}% 350
\BOOKMARK [2][-]{subsection.d.B.2.2}{\376\377\215\104\116\247\221\115\176\331}{section.d.B.2}% 351
\BOOKMARK [2][-]{subsection.d.B.2.3}{\376\377\117\341\215\067\221\115\176\331}{section.d.B.2}% 352
\BOOKMARK [2][-]{subsection.d.B.2.4}{\376\377\215\047\136\001\145\077\173\126}{section.d.B.2}% 353
\BOOKMARK [2][-]{subsection.d.B.2.5}{\376\377\134\017\176\323}{section.d.B.2}% 354
\BOOKMARK [1][-]{section.d.B.3}{\376\377\121\357\140\151\145\257\166\204\116\015\215\263}{附录.d.B}% 355
\BOOKMARK [2][-]{subsection.d.B.3.1}{\376\377\120\072\122\070\124\214\200\241\171\150\166\204\123\072\122\053}{section.d.B.3}% 356
\BOOKMARK [2][-]{subsection.d.B.3.2}{\376\377\227\000\154\102\124\214\117\233\136\224}{section.d.B.3}% 357
\BOOKMARK [2][-]{subsection.d.B.3.3}{\376\377\142\225\215\104\166\204\121\263\133\232\126\340\175\040}{section.d.B.3}% 358
\BOOKMARK [2][-]{subsection.d.B.3.4}{\376\377\215\047\136\001\145\077\173\126}{section.d.B.3}% 359
\BOOKMARK [1][-]{section.d.B.4}{\376\377\134\017\176\323}{附录.d.B}% 360
